Watching for file changes with StatReloader
/Users/udbhavagarwal/Documents/Code/CS253/Project/chalo_kart/myapp/serializers.py changed, reloading.
Watching for file changes with StatReloader
/Users/udbhavagarwal/Documents/Code/CS253/Project/chalo_kart/myapp/serializers.py changed, reloading.
Watching for file changes with StatReloader
/Users/udbhavagarwal/Documents/Code/CS253/Project/chalo_kart/myapp/serializers.py changed, reloading.
Watching for file changes with StatReloader
/Users/udbhavagarwal/Documents/Code/CS253/Project/chalo_kart/myapp/serializers.py changed, reloading.
Watching for file changes with StatReloader
/Users/udbhavagarwal/Documents/Code/CS253/Project/chalo_kart/myapp/views.py changed, reloading.
Watching for file changes with StatReloader
/Users/udbhavagarwal/Documents/Code/CS253/Project/chalo_kart/myapp/views.py changed, reloading.
Watching for file changes with StatReloader
/Users/udbhavagarwal/Documents/Code/CS253/Project/chalo_kart/myapp/views.py changed, reloading.
Watching for file changes with StatReloader
/Users/udbhavagarwal/Documents/Code/CS253/Project/chalo_kart/myapp/views.py changed, reloading.
Watching for file changes with StatReloader
/Users/udbhavagarwal/Documents/Code/CS253/Project/chalo_kart/myapp/views.py changed, reloading.
Watching for file changes with StatReloader
/Users/udbhavagarwal/Documents/Code/CS253/Project/chalo_kart/myapp/views.py changed, reloading.
Watching for file changes with StatReloader
/Users/udbhavagarwal/Documents/Code/CS253/Project/chalo_kart/myapp/views.py changed, reloading.
Watching for file changes with StatReloader
/Users/udbhavagarwal/Documents/Code/CS253/Project/chalo_kart/myapp/views.py changed, reloading.
Watching for file changes with StatReloader
/Users/udbhavagarwal/Documents/Code/CS253/Project/chalo_kart/myapp/views.py changed, reloading.
Watching for file changes with StatReloader
Login error: no such column: myapp_user.is_active
Internal Server Error: /api/users/login/
"POST /api/users/login/ HTTP/1.1" 500 42
Login error: no such column: myapp_user.is_active
Internal Server Error: /api/users/login/
"POST /api/users/login/ HTTP/1.1" 500 42
Registration error: table myapp_user has no column named is_active
Internal Server Error: /api/users/register/
"POST /api/users/register/ HTTP/1.1" 500 31
Registration error: table myapp_user has no column named is_active
Internal Server Error: /api/users/register/
"POST /api/users/register/ HTTP/1.1" 500 31
Login error: no such column: myapp_user.is_active
Internal Server Error: /api/users/login/
"POST /api/users/login/ HTTP/1.1" 500 42
Login error: no such column: myapp_user.is_active
Internal Server Error: /api/users/login/
"POST /api/users/login/ HTTP/1.1" 500 42
Login error: no such column: myapp_user.is_active
Internal Server Error: /api/users/login/
"POST /api/users/login/ HTTP/1.1" 500 42
/Users/udbhavagarwal/Documents/Code/CS253/Project/chalo_kart/myapp/views.py changed, reloading.
Watching for file changes with StatReloader
Watching for file changes with StatReloader
Watching for file changes with StatReloader
Watching for file changes with StatReloader
Watching for file changes with StatReloader
Login error: no such column: myapp_user.is_active
Internal Server Error: /api/users/login/
"POST /api/users/login/ HTTP/1.1" 500 42
Login error: no such column: myapp_user.is_active
Internal Server Error: /api/users/login/
"POST /api/users/login/ HTTP/1.1" 500 42
Login error: no such column: myapp_user.is_active
Internal Server Error: /api/users/login/
"POST /api/users/login/ HTTP/1.1" 500 42
Login error: no such column: myapp_user.is_active
Internal Server Error: /api/users/login/
"POST /api/users/login/ HTTP/1.1" 500 42
/Users/udbhavagarwal/Documents/Code/CS253/Project/chalo_kart/myapp/models.py changed, reloading.
Watching for file changes with StatReloader
/Users/udbhavagarwal/Documents/Code/CS253/Project/chalo_kart/myapp/models.py changed, reloading.
Watching for file changes with StatReloader
Login error: no such column: myapp_user.is_active
Internal Server Error: /api/users/login/
"POST /api/users/login/ HTTP/1.1" 500 42
Login error: no such column: myapp_user.is_active
Internal Server Error: /api/users/login/
"POST /api/users/login/ HTTP/1.1" 500 42
Login error: no such column: myapp_user.is_active
Internal Server Error: /api/users/login/
"POST /api/users/login/ HTTP/1.1" 500 42
Login error: no such column: myapp_user.is_active
Internal Server Error: /api/users/login/
"POST /api/users/login/ HTTP/1.1" 500 42
Login error: no such column: myapp_user.is_active
Internal Server Error: /api/users/login/
"POST /api/users/login/ HTTP/1.1" 500 42
Login error: no such column: myapp_user.is_active
Internal Server Error: /api/users/login/
"POST /api/users/login/ HTTP/1.1" 500 42
Login error: no such column: myapp_user.is_active
Internal Server Error: /api/users/login/
"POST /api/users/login/ HTTP/1.1" 500 42
Watching for file changes with StatReloader
/Users/udbhavagarwal/Documents/Code/CS253/Project/chalo_kart/myapp/models.py changed, reloading.
Watching for file changes with StatReloader
Watching for file changes with StatReloader
Watching for file changes with StatReloader
Unauthorized: /api/users/login/
"POST /api/users/login/ HTTP/1.1" 401 31
Unauthorized: /api/users/login/
"POST /api/users/login/ HTTP/1.1" 401 31
"POST /api/users/login/ HTTP/1.1" 200 218
Not Found: /api/wallet/add-funds/
"POST /api/wallet/add-funds/ HTTP/1.1" 404 23910
"POST /api/users/login/ HTTP/1.1" 200 218
"POST /api/users/login/ HTTP/1.1" 200 218
"POST /api/users/login/ HTTP/1.1" 200 218
"POST /api/users/login/ HTTP/1.1" 200 218
"POST /api/users/login/ HTTP/1.1" 200 218
"POST /api/users/login/ HTTP/1.1" 200 218
"POST /api/users/login/ HTTP/1.1" 200 218
Error in TripViewSet: Authentication credentials were not provided.
Forbidden: /api/trips/recent/
"GET /api/trips/recent/ HTTP/1.1" 403 58
Not Found: /api/wallet/info/
"GET /api/wallet/info/ HTTP/1.1" 404 23894
Error in TripViewSet: Authentication credentials were not provided.
Forbidden: /api/trips/recent/
Not Found: /api/wallet/info/
"GET /api/trips/recent/ HTTP/1.1" 403 58
"GET /api/wallet/info/ HTTP/1.1" 404 23894
Not Found: /api/wallet/info/
"GET /api/wallet/info/ HTTP/1.1" 404 23894
Not Found: /api/wallet/info/
"GET /api/wallet/info/ HTTP/1.1" 404 23894
Registration error: UNIQUE constraint failed: myapp_wallet.wallet_id
Internal Server Error: /api/users/register/
"POST /api/users/register/ HTTP/1.1" 500 31
Bad Request: /api/users/register/
"POST /api/users/register/ HTTP/1.1" 400 50
Watching for file changes with StatReloader
Watching for file changes with StatReloader
Watching for file changes with StatReloader
Watching for file changes with StatReloader
Watching for file changes with StatReloader
Watching for file changes with StatReloader
Not Found: /
"GET / HTTP/1.1" 404 2061
Not Found: /favicon.ico
"GET /favicon.ico HTTP/1.1" 404 2112
Watching for file changes with StatReloader
"GET / HTTP/1.1" 302 0
Forbidden: /api/
"GET /api/ HTTP/1.1" 403 9716
"GET /static/rest_framework/css/bootstrap-tweaks.css HTTP/1.1" 200 3426
"GET /static/rest_framework/css/default.css HTTP/1.1" 200 1152
"GET /static/rest_framework/js/ajax-form.js HTTP/1.1" 200 3796
"GET /static/rest_framework/css/prettify.css HTTP/1.1" 200 817
"GET /static/rest_framework/js/csrf.js HTTP/1.1" 200 1793
"GET /static/rest_framework/js/prettify-min.js HTTP/1.1" 200 13632
"GET /static/rest_framework/js/default.js HTTP/1.1" 200 1268
"GET /static/rest_framework/js/bootstrap.min.js HTTP/1.1" 200 39680
"GET /static/rest_framework/js/jquery-3.7.1.min.js HTTP/1.1" 200 87533
"GET /static/rest_framework/js/load-ajax-form.js HTTP/1.1" 200 59
"GET /static/rest_framework/css/bootstrap.min.css HTTP/1.1" 200 121457
"GET /static/rest_framework/img/grid.png HTTP/1.1" 200 1458
Watching for file changes with StatReloader
Not Found: /admin/
"GET /admin/ HTTP/1.1" 404 2197
Watching for file changes with StatReloader
"GET /admin/ HTTP/1.1" 302 0
"GET /admin/login/?next=/admin/ HTTP/1.1" 200 4181
"GET /static/admin/css/dark_mode.css HTTP/1.1" 200 2929
"GET /static/admin/css/login.css HTTP/1.1" 200 958
"GET /static/admin/js/theme.js HTTP/1.1" 200 1943
"GET /static/admin/css/nav_sidebar.css HTTP/1.1" 200 2694
"GET /static/admin/js/nav_sidebar.js HTTP/1.1" 200 3063
"GET /static/admin/css/responsive.css HTTP/1.1" 200 18559
"GET /static/admin/css/base.css HTTP/1.1" 200 21310
"POST /admin/login/?next=/admin/ HTTP/1.1" 200 4360
Watching for file changes with StatReloader
"GET /admin/ HTTP/1.1" 302 0
"GET /admin/login/?next=/admin/ HTTP/1.1" 200 4181
"GET /static/admin/css/login.css HTTP/1.1" 304 0
"GET /static/admin/css/nav_sidebar.css HTTP/1.1" 304 0
"GET /static/admin/css/base.css HTTP/1.1" 304 0
"GET /static/admin/css/dark_mode.css HTTP/1.1" 304 0
"GET /static/admin/css/responsive.css HTTP/1.1" 304 0
"GET /static/admin/js/theme.js HTTP/1.1" 304 0
"GET /static/admin/js/nav_sidebar.js HTTP/1.1" 304 0
"POST /admin/login/?next=/admin/ HTTP/1.1" 302 0
"GET /admin/ HTTP/1.1" 200 5562
"GET /static/admin/css/dashboard.css HTTP/1.1" 200 441
"GET /static/admin/img/icon-changelink.svg HTTP/1.1" 200 380
"GET /static/admin/img/icon-addlink.svg HTTP/1.1" 200 331
"GET / HTTP/1.1" 302 0
"GET /api/ HTTP/1.1" 200 11096
"GET /static/rest_framework/css/bootstrap-tweaks.css HTTP/1.1" 304 0
"GET /static/rest_framework/js/jquery-3.7.1.min.js HTTP/1.1" 304 0
"GET /static/rest_framework/js/ajax-form.js HTTP/1.1" 304 0
"GET /static/rest_framework/js/csrf.js HTTP/1.1" 304 0
"GET /static/rest_framework/css/default.css HTTP/1.1" 304 0
"GET /static/rest_framework/js/bootstrap.min.js HTTP/1.1" 304 0
"GET /static/rest_framework/js/prettify-min.js HTTP/1.1" 304 0
"GET /static/rest_framework/css/prettify.css HTTP/1.1" 304 0
"GET /static/rest_framework/js/load-ajax-form.js HTTP/1.1" 304 0
"GET /static/rest_framework/js/default.js HTTP/1.1" 304 0
"GET /static/rest_framework/css/bootstrap.min.css HTTP/1.1" 304 0
"GET /static/rest_framework/img/grid.png HTTP/1.1" 304 0
"GET /admin/ HTTP/1.1" 200 5562
"GET /admin/auth/group/ HTTP/1.1" 200 7257
"GET /static/admin/css/changelists.css HTTP/1.1" 200 6566
"GET /static/admin/js/actions.js HTTP/1.1" 200 7872
"GET /static/admin/js/core.js HTTP/1.1" 200 5682
"GET /static/admin/js/admin/RelatedObjectLookups.js HTTP/1.1" 200 8943
"GET /static/admin/js/jquery.init.js HTTP/1.1" 200 347
"GET /static/admin/js/urlify.js HTTP/1.1" 200 7887
"GET /admin/jsi18n/ HTTP/1.1" 200 3343
"GET /static/admin/img/search.svg HTTP/1.1" 200 458
"GET /static/admin/js/prepopulate.js HTTP/1.1" 200 1531
"GET /static/admin/js/vendor/xregexp/xregexp.js HTTP/1.1" 200 232381
"GET /static/admin/js/vendor/jquery/jquery.js HTTP/1.1" 200 292458
"GET /static/admin/js/filters.js HTTP/1.1" 200 978
"GET /static/admin/img/tooltag-add.svg HTTP/1.1" 200 331
"GET /admin/ HTTP/1.1" 200 5562
"POST /admin/logout/ HTTP/1.1" 200 3576
Watching for file changes with StatReloader
"GET / HTTP/1.1" 302 0
Forbidden: /api/
"GET /api/ HTTP/1.1" 403 9716
"GET /static/rest_framework/css/prettify.css HTTP/1.1" 304 0
"GET /static/rest_framework/js/ajax-form.js HTTP/1.1" 304 0
"GET /static/rest_framework/js/jquery-3.7.1.min.js HTTP/1.1" 304 0
"GET /static/rest_framework/css/bootstrap-tweaks.css HTTP/1.1" 304 0
"GET /static/rest_framework/css/default.css HTTP/1.1" 304 0
"GET /static/rest_framework/js/csrf.js HTTP/1.1" 304 0
"GET /static/rest_framework/css/bootstrap.min.css HTTP/1.1" 304 0
"GET /static/rest_framework/js/bootstrap.min.js HTTP/1.1" 304 0
"GET /static/rest_framework/js/prettify-min.js HTTP/1.1" 304 0
"GET /static/rest_framework/js/load-ajax-form.js HTTP/1.1" 304 0
"GET /static/rest_framework/js/default.js HTTP/1.1" 304 0
"GET /static/rest_framework/img/grid.png HTTP/1.1" 304 0
"GET /admin/ HTTP/1.1" 302 0
"GET /admin/login/?next=/admin/ HTTP/1.1" 200 4181
"GET /static/admin/css/dark_mode.css HTTP/1.1" 304 0
"GET /static/admin/css/responsive.css HTTP/1.1" 304 0
"GET /static/admin/js/nav_sidebar.js HTTP/1.1" 304 0
"GET /static/admin/css/login.css HTTP/1.1" 304 0
"GET /static/admin/css/base.css HTTP/1.1" 304 0
"GET /static/admin/css/nav_sidebar.css HTTP/1.1" 304 0
"GET /static/admin/js/theme.js HTTP/1.1" 304 0
"POST /admin/login/?next=/admin/ HTTP/1.1" 200 4348
"POST /admin/login/?next=/admin/ HTTP/1.1" 302 0
"GET /admin/ HTTP/1.1" 200 5562
"GET /static/admin/css/dashboard.css HTTP/1.1" 304 0
"GET /static/admin/img/icon-addlink.svg HTTP/1.1" 304 0
"GET /static/admin/img/icon-changelink.svg HTTP/1.1" 304 0
"GET /admin/auth/ HTTP/1.1" 200 5582
"GET /admin/auth/ HTTP/1.1" 200 5582
"POST /admin/logout/ HTTP/1.1" 200 3576
Watching for file changes with StatReloader
Watching for file changes with StatReloader
"GET /admin/ HTTP/1.1" 302 0
"GET /admin/login/?next=/admin/ HTTP/1.1" 200 4181
"GET /static/admin/css/dark_mode.css HTTP/1.1" 304 0
"GET /static/admin/css/nav_sidebar.css HTTP/1.1" 304 0
"GET /static/admin/css/base.css HTTP/1.1" 304 0
"GET /static/admin/css/login.css HTTP/1.1" 304 0
"GET /static/admin/css/responsive.css HTTP/1.1" 304 0
"GET /static/admin/js/theme.js HTTP/1.1" 304 0
"GET /static/admin/js/nav_sidebar.js HTTP/1.1" 304 0
Error in UserViewSet: Authentication credentials were not provided.
Forbidden: /api/users/send_otp/
"POST /api/users/send_otp/ HTTP/1.1" 403 58
"POST /admin/login/?next=/admin/ HTTP/1.1" 302 0
"GET /admin/ HTTP/1.1" 200 5562
"GET /static/admin/css/dashboard.css HTTP/1.1" 304 0
"GET /static/admin/img/icon-changelink.svg HTTP/1.1" 304 0
"GET /static/admin/img/icon-addlink.svg HTTP/1.1" 304 0
Error in UserViewSet: Authentication credentials were not provided.
Forbidden: /api/users/send_otp/
"POST /api/users/send_otp/ HTTP/1.1" 403 58
"POST /admin/logout/ HTTP/1.1" 200 3576
Watching for file changes with StatReloader
Error in UserViewSet: Authentication credentials were not provided.
Forbidden: /api/users/send_otp/
"POST /api/users/send_otp/ HTTP/1.1" 403 58
Error in UserViewSet: Authentication credentials were not provided.
Forbidden: /api/users/send_otp/
"POST /api/users/send_otp/ HTTP/1.1" 403 58
Watching for file changes with StatReloader
Error in UserViewSet: Authentication credentials were not provided.
Forbidden: /api/users/send_otp/
"POST /api/users/send_otp/ HTTP/1.1" 403 58
Watching for file changes with StatReloader
Login error: no such column: myapp_user.otp
Internal Server Error: /api/users/login/
"POST /api/users/login/ HTTP/1.1" 500 42
Login error: no such column: myapp_user.otp
Internal Server Error: /api/users/login/
"POST /api/users/login/ HTTP/1.1" 500 42
Login error: no such column: myapp_user.otp
Internal Server Error: /api/users/login/
"POST /api/users/login/ HTTP/1.1" 500 42
Login error: no such column: myapp_user.otp
Internal Server Error: /api/users/login/
"POST /api/users/login/ HTTP/1.1" 500 42
Login error: no such column: myapp_user.otp
Internal Server Error: /api/users/login/
"POST /api/users/login/ HTTP/1.1" 500 42
Login error: no such column: myapp_user.otp
Internal Server Error: /api/users/login/
"POST /api/users/login/ HTTP/1.1" 500 42
Login error: no such column: myapp_user.otp
Internal Server Error: /api/users/login/
"POST /api/users/login/ HTTP/1.1" 500 42
Login error: no such column: myapp_user.otp
Internal Server Error: /api/users/login/
"POST /api/users/login/ HTTP/1.1" 500 42
Registration error: table myapp_user has no column named otp
Internal Server Error: /api/users/register/
"POST /api/users/register/ HTTP/1.1" 500 31
Watching for file changes with StatReloader
"GET /admin/ HTTP/1.1" 302 0
"GET /admin/login/?next=/admin/ HTTP/1.1" 200 4181
"GET /static/admin/css/base.css HTTP/1.1" 304 0
"GET /static/admin/css/dark_mode.css HTTP/1.1" 304 0
"GET /static/admin/css/nav_sidebar.css HTTP/1.1" 304 0
"GET /static/admin/css/responsive.css HTTP/1.1" 304 0
"GET /static/admin/css/login.css HTTP/1.1" 304 0
"GET /static/admin/js/theme.js HTTP/1.1" 304 0
"GET /static/admin/js/nav_sidebar.js HTTP/1.1" 304 0
"POST /admin/login/?next=/admin/ HTTP/1.1" 302 0
"GET /admin/ HTTP/1.1" 200 5562
"GET /static/admin/css/dashboard.css HTTP/1.1" 304 0
"GET /static/admin/img/icon-addlink.svg HTTP/1.1" 304 0
"GET /static/admin/img/icon-changelink.svg HTTP/1.1" 304 0
"POST /admin/logout/ HTTP/1.1" 200 3576
"GET /admin/ HTTP/1.1" 302 0
"GET /admin/login/?next=/admin/ HTTP/1.1" 200 4181
"GET / HTTP/1.1" 302 0
Forbidden: /api/
"GET /api/ HTTP/1.1" 403 9716
"GET /static/rest_framework/css/bootstrap-tweaks.css HTTP/1.1" 304 0
"GET /static/rest_framework/js/jquery-3.7.1.min.js HTTP/1.1" 304 0
"GET /static/rest_framework/js/ajax-form.js HTTP/1.1" 304 0
"GET /static/rest_framework/css/prettify.css HTTP/1.1" 304 0
"GET /static/rest_framework/js/bootstrap.min.js HTTP/1.1" 304 0
"GET /static/rest_framework/css/default.css HTTP/1.1" 304 0
"GET /static/rest_framework/js/csrf.js HTTP/1.1" 304 0
"GET /static/rest_framework/js/default.js HTTP/1.1" 304 0
"GET /static/rest_framework/css/bootstrap.min.css HTTP/1.1" 304 0
"GET /static/rest_framework/js/load-ajax-form.js HTTP/1.1" 304 0
"GET /static/rest_framework/js/prettify-min.js HTTP/1.1" 304 0
"GET /static/rest_framework/img/grid.png HTTP/1.1" 304 0
Watching for file changes with StatReloader
"GET /admin/ HTTP/1.1" 302 0
"GET /admin/login/?next=/admin/ HTTP/1.1" 200 4181
Watching for file changes with StatReloader
"GET /admin/ HTTP/1.1" 302 0
"GET /admin/login/?next=/admin/ HTTP/1.1" 200 4181
"GET /static/admin/css/nav_sidebar.css HTTP/1.1" 304 0
"GET /static/admin/css/base.css HTTP/1.1" 304 0
"GET /static/admin/css/dark_mode.css HTTP/1.1" 304 0
"GET /static/admin/css/login.css HTTP/1.1" 304 0
"GET /static/admin/css/responsive.css HTTP/1.1" 304 0
"GET /static/admin/js/theme.js HTTP/1.1" 304 0
"GET /static/admin/js/nav_sidebar.js HTTP/1.1" 304 0
"GET /admin/ HTTP/1.1" 302 0
"GET /admin/login/?next=/admin/ HTTP/1.1" 200 4181
"GET /admin/ HTTP/1.1" 302 0
"GET /admin/login/?next=/admin/ HTTP/1.1" 200 4181
"POST /admin/login/?next=/admin/ HTTP/1.1" 302 0
"GET /admin/ HTTP/1.1" 200 5562
"GET /static/admin/css/dashboard.css HTTP/1.1" 304 0
"GET /static/admin/img/icon-addlink.svg HTTP/1.1" 304 0
"GET /static/admin/img/icon-changelink.svg HTTP/1.1" 304 0
"POST /admin/logout/ HTTP/1.1" 200 3576
"GET /admin/ HTTP/1.1" 302 0
"GET /admin/login/?next=/admin/ HTTP/1.1" 200 4181
"GET /admin/ HTTP/1.1" 302 0
"GET /admin/login/?next=/admin/ HTTP/1.1" 200 4181
"GET /static/admin/css/base.css HTTP/1.1" 304 0
"GET /static/admin/css/dark_mode.css HTTP/1.1" 304 0
"GET /static/admin/css/nav_sidebar.css HTTP/1.1" 304 0
"GET /static/admin/css/login.css HTTP/1.1" 304 0
"GET /static/admin/css/responsive.css HTTP/1.1" 304 0
"GET /static/admin/js/theme.js HTTP/1.1" 304 0
"GET /static/admin/js/nav_sidebar.js HTTP/1.1" 304 0
Watching for file changes with StatReloader
Password reset error: Failed to generate email action link.
Internal Server Error: /api/users/forgot_password/
"POST /api/users/forgot_password/ HTTP/1.1" 500 50
"POST /api/users/forgot_password/ HTTP/1.1" 200 263
"POST /api/users/forgot_password/ HTTP/1.1" 200 263
"POST /api/users/forgot_password/ HTTP/1.1" 200 263
/Users/snehasissatapathy/Desktop/CS253/Chalo_kart/chalo_kart_backend/myapp/views.py changed, reloading.
Watching for file changes with StatReloader
/Users/snehasissatapathy/Desktop/CS253/Chalo_kart/chalo_kart_backend/myapp/views.py changed, reloading.
Watching for file changes with StatReloader
/Users/snehasissatapathy/Desktop/CS253/Chalo_kart/chalo_kart_backend/myapp/views.py changed, reloading.
Watching for file changes with StatReloader
"POST /api/users/forgot_password/ HTTP/1.1" 200 263
/Users/snehasissatapathy/Desktop/CS253/Chalo_kart/chalo_kart_backend/myapp/views.py changed, reloading.
Watching for file changes with StatReloader
"POST /api/users/forgot_password/?Content-Type=application/json HTTP/1.1" 200 263
"GET /admin/ HTTP/1.1" 302 0
"GET /admin/login/?next=/admin/ HTTP/1.1" 200 4181
"POST /admin/login/?next=/admin/ HTTP/1.1" 302 0
"GET /admin/ HTTP/1.1" 200 5562
"GET /static/admin/css/dashboard.css HTTP/1.1" 304 0
"GET /static/admin/img/icon-changelink.svg HTTP/1.1" 304 0
"GET /static/admin/img/icon-addlink.svg HTTP/1.1" 304 0
"GET /admin/auth/group/ HTTP/1.1" 200 7257
"GET /static/admin/css/changelists.css HTTP/1.1" 304 0
"GET /static/admin/js/core.js HTTP/1.1" 304 0
"GET /static/admin/js/actions.js HTTP/1.1" 304 0
"GET /static/admin/js/jquery.init.js HTTP/1.1" 304 0
"GET /static/admin/js/vendor/jquery/jquery.js HTTP/1.1" 304 0
"GET /static/admin/js/admin/RelatedObjectLookups.js HTTP/1.1" 304 0
"GET /static/admin/js/urlify.js HTTP/1.1" 304 0
"GET /static/admin/js/prepopulate.js HTTP/1.1" 304 0
"GET /static/admin/js/vendor/xregexp/xregexp.js HTTP/1.1" 304 0
"GET /admin/jsi18n/ HTTP/1.1" 200 3343
"GET /static/admin/img/search.svg HTTP/1.1" 304 0
"GET /static/admin/js/filters.js HTTP/1.1" 304 0
"GET /static/admin/img/tooltag-add.svg HTTP/1.1" 304 0
"GET /admin/ HTTP/1.1" 200 5562
"GET /admin/auth/user/ HTTP/1.1" 200 10473
"GET /admin/jsi18n/ HTTP/1.1" 200 3343
"GET /static/admin/img/icon-yes.svg HTTP/1.1" 200 436
"GET /static/admin/img/sorting-icons.svg HTTP/1.1" 200 1097
"GET /admin/auth/user/1/change/ HTTP/1.1" 200 21939
"GET /static/admin/css/forms.css HTTP/1.1" 200 9090
"GET /static/admin/js/prepopulate_init.js HTTP/1.1" 200 586
"GET /static/admin/js/calendar.js HTTP/1.1" 200 8466
"GET /static/admin/js/admin/DateTimeShortcuts.js HTTP/1.1" 200 19319
"GET /admin/jsi18n/ HTTP/1.1" 200 3343
"GET /static/admin/js/SelectBox.js HTTP/1.1" 200 4530
"GET /static/admin/css/widgets.css HTTP/1.1" 200 11921
"GET /static/admin/js/SelectFilter2.js HTTP/1.1" 200 15292
"GET /static/admin/js/change_form.js HTTP/1.1" 200 606
"GET /static/admin/img/selector-icons.svg HTTP/1.1" 200 3291
"GET /static/admin/img/icon-calendar.svg HTTP/1.1" 200 1086
"GET /static/admin/img/icon-unknown.svg HTTP/1.1" 200 655
"GET /static/admin/img/icon-clock.svg HTTP/1.1" 200 677
"GET /static/admin/img/icon-unknown-alt.svg HTTP/1.1" 200 655
"POST /admin/logout/ HTTP/1.1" 200 3576
Watching for file changes with StatReloader
Not Found: /api/users/forgot_password/
"POST /api/users/forgot_password/?Content-Type=application/json HTTP/1.1" 404 26
"GET /admin/ HTTP/1.1" 302 0
"GET /admin/login/?next=/admin/ HTTP/1.1" 200 4181
"POST /admin/login/?next=/admin/ HTTP/1.1" 302 0
"GET /admin/ HTTP/1.1" 200 5562
"GET /admin/auth/user/add/ HTTP/1.1" 200 10041
"GET /admin/jsi18n/ HTTP/1.1" 200 3343
"POST /admin/auth/user/add/ HTTP/1.1" 302 0
"GET /admin/auth/user/2/change/ HTTP/1.1" 200 22142
"GET /admin/jsi18n/ HTTP/1.1" 200 3343
"POST /admin/auth/user/2/change/ HTTP/1.1" 302 0
"GET /admin/auth/user/ HTTP/1.1" 200 11086
"GET /admin/jsi18n/ HTTP/1.1" 200 3343
"GET /static/admin/img/icon-no.svg HTTP/1.1" 200 560
"GET /admin/auth/user/2/change/ HTTP/1.1" 200 21904
"GET /admin/jsi18n/ HTTP/1.1" 200 3343
"POST /admin/auth/user/2/change/ HTTP/1.1" 302 0
"GET /admin/auth/user/ HTTP/1.1" 200 11086
"GET /admin/jsi18n/ HTTP/1.1" 200 3343
Not Found: /api/users/forgot_password/
"POST /api/users/forgot_password/?Content-Type=application/json HTTP/1.1" 404 26
Not Found: /api/users/forgot_password/
"POST /api/users/forgot_password/?Content-Type=application/json HTTP/1.1" 404 26
/Users/snehasissatapathy/Desktop/CS253/Chalo_kart/chalo_kart_backend/myapp/views.py changed, reloading.
Watching for file changes with StatReloader
"POST /api/users/forgot_password/?Content-Type=application/json HTTP/1.1" 200 263
/Users/snehasissatapathy/Desktop/CS253/Chalo_kart/chalo_kart_backend/myapp/views.py changed, reloading.
Watching for file changes with StatReloader
"POST /api/users/forgot_password/?Content-Type=application/json HTTP/1.1" 200 263
"POST /api/users/forgot_password/?Content-Type=application/json HTTP/1.1" 200 263
"POST /api/users/forgot_password/?Content-Type=application/json HTTP/1.1" 200 263
Error in UserViewSet: Authentication credentials were not provided.
Forbidden: /api/users/password-reset-request/
"POST /api/users/password-reset-request/ HTTP/1.1" 403 58
Unauthorized: /api/users/login/
"POST /api/users/login/ HTTP/1.1" 401 31
Unauthorized: /api/users/login/
"POST /api/users/login/ HTTP/1.1" 401 31
Unauthorized: /api/users/login/
"POST /api/users/login/ HTTP/1.1" 401 31
"GET /admin/auth/user/2/change/ HTTP/1.1" 200 21904
"GET /static/admin/css/dark_mode.css HTTP/1.1" 304 0
"GET /static/admin/css/nav_sidebar.css HTTP/1.1" 304 0
"GET /static/admin/css/base.css HTTP/1.1" 304 0
"GET /static/admin/css/responsive.css HTTP/1.1" 304 0
"GET /static/admin/js/theme.js HTTP/1.1" 304 0
"GET /admin/jsi18n/ HTTP/1.1" 200 3343
"GET /static/admin/js/nav_sidebar.js HTTP/1.1" 304 0
"GET /admin/auth/user/2/password/ HTTP/1.1" 200 7220
"POST /admin/auth/user/2/password/ HTTP/1.1" 302 0
"GET /admin/auth/user/2/change/ HTTP/1.1" 200 22040
"GET /admin/jsi18n/ HTTP/1.1" 200 3343
"POST /admin/auth/user/2/change/ HTTP/1.1" 302 0
"GET /admin/auth/user/ HTTP/1.1" 200 11086
"GET /admin/jsi18n/ HTTP/1.1" 200 3343
Unauthorized: /api/users/login/
"POST /api/users/login/ HTTP/1.1" 401 31
Watching for file changes with StatReloader
"GET /admin/ HTTP/1.1" 200 7082
"POST /admin/logout/ HTTP/1.1" 200 3576
"GET /admin/ HTTP/1.1" 302 0
"GET /admin/login/?next=/admin/ HTTP/1.1" 200 4181
"GET /static/admin/css/login.css HTTP/1.1" 304 0
"POST /admin/login/?next=/admin/ HTTP/1.1" 302 0
"GET /admin/ HTTP/1.1" 200 7082
"GET /admin/auth/user/ HTTP/1.1" 200 10875
"GET /admin/jsi18n/ HTTP/1.1" 200 3343
"POST /admin/logout/ HTTP/1.1" 200 3576
"POST /api/users/forgot_password/?Content-Type=application/json HTTP/1.1" 200 263
/Users/snehasissatapathy/Desktop/CS253/Chalo_kart/chalo_kart_backend/myapp/views.py changed, reloading.
Watching for file changes with StatReloader
Unauthorized: /api/users/login/
"POST /api/users/login/ HTTP/1.1" 401 31
Unauthorized: /api/users/login/
"POST /api/users/login/ HTTP/1.1" 401 31
Unauthorized: /api/users/login/
"POST /api/users/login/ HTTP/1.1" 401 31
Unauthorized: /api/users/login/
"POST /api/users/login/ HTTP/1.1" 401 31
Error in UserViewSet: Authentication credentials were not provided.
Forbidden: /api/users/password-reset-request/
"POST /api/users/password-reset-request/ HTTP/1.1" 403 58
Unauthorized: /api/users/login/
"POST /api/users/login/ HTTP/1.1" 401 31
Unauthorized: /api/users/login/
"POST /api/users/login/ HTTP/1.1" 401 31
"POST /api/users/forgot_password/?Content-Type=application/json HTTP/1.1" 200 263
"GET /admin/ HTTP/1.1" 302 0
"GET /admin/login/?next=/admin/ HTTP/1.1" 200 4181
"POST /admin/login/?next=/admin/ HTTP/1.1" 302 0
"GET /admin/ HTTP/1.1" 200 7082
"GET /static/admin/css/dashboard.css HTTP/1.1" 304 0
"GET /static/admin/img/icon-changelink.svg HTTP/1.1" 304 0
"GET /static/admin/img/icon-addlink.svg HTTP/1.1" 304 0
"GET /admin/auth/user/ HTTP/1.1" 200 10875
"GET /static/admin/css/changelists.css HTTP/1.1" 304 0
"GET /static/admin/js/core.js HTTP/1.1" 304 0
"GET /static/admin/js/vendor/jquery/jquery.js HTTP/1.1" 304 0
"GET /static/admin/js/prepopulate.js HTTP/1.1" 304 0
"GET /static/admin/js/actions.js HTTP/1.1" 304 0
"GET /static/admin/js/admin/RelatedObjectLookups.js HTTP/1.1" 304 0
"GET /static/admin/js/vendor/xregexp/xregexp.js HTTP/1.1" 304 0
"GET /static/admin/js/jquery.init.js HTTP/1.1" 304 0
"GET /static/admin/js/urlify.js HTTP/1.1" 304 0
"GET /static/admin/img/search.svg HTTP/1.1" 304 0
"GET /admin/jsi18n/ HTTP/1.1" 200 3343
"GET /static/admin/img/icon-yes.svg HTTP/1.1" 304 0
"GET /static/admin/js/filters.js HTTP/1.1" 304 0
"GET /static/admin/img/tooltag-add.svg HTTP/1.1" 304 0
"GET /static/admin/img/sorting-icons.svg HTTP/1.1" 304 0
"GET /admin/auth/user/2/change/ HTTP/1.1" 200 21904
"GET /static/admin/css/forms.css HTTP/1.1" 304 0
"GET /static/admin/js/admin/DateTimeShortcuts.js HTTP/1.1" 304 0
"GET /static/admin/js/calendar.js HTTP/1.1" 304 0
"GET /static/admin/js/SelectFilter2.js HTTP/1.1" 304 0
"GET /static/admin/js/SelectBox.js HTTP/1.1" 304 0
"GET /static/admin/js/prepopulate_init.js HTTP/1.1" 304 0
"GET /static/admin/css/widgets.css HTTP/1.1" 304 0
"GET /admin/jsi18n/ HTTP/1.1" 200 3343
"GET /static/admin/js/change_form.js HTTP/1.1" 304 0
"GET /static/admin/img/icon-clock.svg HTTP/1.1" 304 0
"GET /static/admin/img/icon-unknown.svg HTTP/1.1" 304 0
"GET /static/admin/img/selector-icons.svg HTTP/1.1" 304 0
"GET /static/admin/img/icon-calendar.svg HTTP/1.1" 304 0
"GET /static/admin/img/icon-unknown-alt.svg HTTP/1.1" 304 0
"POST /admin/auth/user/2/change/ HTTP/1.1" 302 0
"GET /admin/auth/user/ HTTP/1.1" 200 11086
"GET /admin/jsi18n/ HTTP/1.1" 200 3343
"GET / HTTP/1.1" 302 0
"GET /api/ HTTP/1.1" 200 11096
"GET /static/rest_framework/css/prettify.css HTTP/1.1" 304 0
"GET /static/rest_framework/css/bootstrap.min.css HTTP/1.1" 304 0
"GET /static/rest_framework/css/bootstrap-tweaks.css HTTP/1.1" 304 0
"GET /static/rest_framework/js/jquery-3.7.1.min.js HTTP/1.1" 304 0
"GET /static/rest_framework/js/csrf.js HTTP/1.1" 304 0
"GET /static/rest_framework/css/default.css HTTP/1.1" 304 0
"GET /static/rest_framework/js/ajax-form.js HTTP/1.1" 304 0
"GET /static/rest_framework/js/bootstrap.min.js HTTP/1.1" 304 0
"GET /static/rest_framework/js/prettify-min.js HTTP/1.1" 304 0
"GET /static/rest_framework/js/load-ajax-form.js HTTP/1.1" 304 0
"GET /static/rest_framework/js/default.js HTTP/1.1" 304 0
"GET /static/rest_framework/img/grid.png HTTP/1.1" 304 0
"GET /admin/auth/user/ HTTP/1.1" 200 10875
"POST /admin/logout/ HTTP/1.1" 200 3576
Watching for file changes with StatReloader
"POST /admin/logout/ HTTP/1.1" 302 0
"GET /admin/ HTTP/1.1" 302 0
"GET /admin/login/?next=/admin/ HTTP/1.1" 200 4181
"POST /admin/login/?next=/admin/ HTTP/1.1" 302 0
"GET /admin/ HTTP/1.1" 200 10534
"GET /admin/myapp/user/ HTTP/1.1" 200 13664
"GET /admin/jsi18n/ HTTP/1.1" 200 3343
"GET /admin/ HTTP/1.1" 200 10534
"POST /admin/logout/ HTTP/1.1" 200 3576
Watching for file changes with StatReloader
"GET /admin/ HTTP/1.1" 302 0
"GET /admin/login/?next=/admin/ HTTP/1.1" 200 4181
"GET /static/admin/css/dark_mode.css HTTP/1.1" 304 0
"GET /static/admin/css/base.css HTTP/1.1" 304 0
"GET /static/admin/css/nav_sidebar.css HTTP/1.1" 304 0
"GET /static/admin/css/login.css HTTP/1.1" 304 0
"GET /static/admin/css/responsive.css HTTP/1.1" 304 0
"GET /static/admin/js/theme.js HTTP/1.1" 304 0
"GET /static/admin/js/nav_sidebar.js HTTP/1.1" 304 0
"POST /admin/login/?next=/admin/ HTTP/1.1" 302 0
"GET /admin/ HTTP/1.1" 200 10534
"GET /static/admin/css/dashboard.css HTTP/1.1" 304 0
"GET /static/admin/img/icon-addlink.svg HTTP/1.1" 304 0
"GET /static/admin/img/icon-changelink.svg HTTP/1.1" 304 0
"POST /admin/logout/ HTTP/1.1" 200 3576
Watching for file changes with StatReloader
Error in UserViewSet: Authentication credentials were not provided.
Forbidden: /api/users/forgot_password_request/
"POST /api/users/forgot_password_request/ HTTP/1.1" 403 58
/Users/snehasissatapathy/Desktop/New/Chalo_kart/chalo_kart_backend/myapp/views.py changed, reloading.
Watching for file changes with StatReloader
/Users/snehasissatapathy/Desktop/New/Chalo_kart/chalo_kart_backend/chalo_kart/urls.py changed, reloading.
Watching for file changes with StatReloader
Watching for file changes with StatReloader
Not Found: /api/users/forgot_password_request/
"POST /api/users/forgot_password_request/ HTTP/1.1" 404 41
"GET /admin/ HTTP/1.1" 302 0
"GET /admin/login/?next=/admin/ HTTP/1.1" 200 4181
"POST /admin/login/?next=/admin/ HTTP/1.1" 302 0
"GET /admin/ HTTP/1.1" 200 10534
"GET /admin/myapp/user/add/ HTTP/1.1" 200 15846
"GET /static/admin/css/forms.css HTTP/1.1" 304 0
"GET /static/admin/js/core.js HTTP/1.1" 304 0
"GET /static/admin/js/jquery.init.js HTTP/1.1" 304 0
"GET /static/admin/js/vendor/jquery/jquery.js HTTP/1.1" 304 0
"GET /static/admin/js/urlify.js HTTP/1.1" 304 0
"GET /static/admin/js/actions.js HTTP/1.1" 304 0
"GET /static/admin/js/admin/RelatedObjectLookups.js HTTP/1.1" 304 0
"GET /static/admin/js/prepopulate.js HTTP/1.1" 304 0
"GET /static/admin/js/prepopulate_init.js HTTP/1.1" 304 0
"GET /static/admin/css/widgets.css HTTP/1.1" 304 0
"GET /static/admin/js/vendor/xregexp/xregexp.js HTTP/1.1" 304 0
"GET /admin/jsi18n/ HTTP/1.1" 200 3343
"GET /static/admin/js/change_form.js HTTP/1.1" 304 0
"POST /admin/myapp/user/add/ HTTP/1.1" 200 16122
"GET /admin/jsi18n/ HTTP/1.1" 200 3343
"GET /admin/ HTTP/1.1" 200 10534
"GET /admin/auth/user/ HTTP/1.1" 200 13124
"GET /static/admin/css/changelists.css HTTP/1.1" 304 0
"GET /static/admin/img/search.svg HTTP/1.1" 304 0
"GET /static/admin/img/icon-yes.svg HTTP/1.1" 304 0
"GET /admin/jsi18n/ HTTP/1.1" 200 3343
"GET /static/admin/img/icon-no.svg HTTP/1.1" 304 0
"GET /static/admin/js/filters.js HTTP/1.1" 304 0
"GET /static/admin/img/tooltag-add.svg HTTP/1.1" 304 0
"GET /static/admin/img/sorting-icons.svg HTTP/1.1" 304 0
"GET /admin/auth/user/2/change/ HTTP/1.1" 200 24153
"GET /static/admin/js/admin/DateTimeShortcuts.js HTTP/1.1" 304 0
"GET /static/admin/js/SelectBox.js HTTP/1.1" 304 0
"GET /static/admin/js/calendar.js HTTP/1.1" 304 0
"GET /admin/jsi18n/ HTTP/1.1" 200 3343
"GET /static/admin/js/SelectFilter2.js HTTP/1.1" 304 0
"GET /static/admin/img/icon-calendar.svg HTTP/1.1" 304 0
"GET /static/admin/img/selector-icons.svg HTTP/1.1" 304 0
"GET /static/admin/img/icon-unknown.svg HTTP/1.1" 304 0
"GET /static/admin/img/icon-clock.svg HTTP/1.1" 304 0
"GET /static/admin/img/icon-unknown-alt.svg HTTP/1.1" 304 0
"GET /admin/auth/user/2/delete/ HTTP/1.1" 200 9176
"GET /static/admin/js/cancel.js HTTP/1.1" 200 884
"POST /admin/auth/user/2/delete/ HTTP/1.1" 302 0
"GET /admin/auth/user/ HTTP/1.1" 200 12892
"GET /admin/jsi18n/ HTTP/1.1" 200 3343
"GET /admin/myapp/ HTTP/1.1" 200 7567
"GET /admin/myapp/user/add/ HTTP/1.1" 200 15846
"GET /admin/jsi18n/ HTTP/1.1" 200 3343
"POST /admin/myapp/user/add/ HTTP/1.1" 302 0
"GET /admin/myapp/user/ HTTP/1.1" 200 14419
"GET /admin/jsi18n/ HTTP/1.1" 200 3343
"POST /admin/logout/ HTTP/1.1" 200 3576
Watching for file changes with StatReloader
Email sending error: [Errno 61] Connection refused
Internal Server Error: /api/users/forgot_password_request/
"POST /api/users/forgot_password_request/ HTTP/1.1" 500 36
Email sending error: [Errno 61] Connection refused
Internal Server Error: /api/users/forgot_password_request/
"POST /api/users/forgot_password_request/ HTTP/1.1" 500 36
Watching for file changes with StatReloader
"GET /admin/ HTTP/1.1" 302 0
"GET /admin/login/?next=/admin/ HTTP/1.1" 200 4181
"POST /admin/login/?next=/admin/ HTTP/1.1" 302 0
"GET /admin/ HTTP/1.1" 200 8716
"GET /admin/auth/user/ HTTP/1.1" 200 12721
"GET /admin/jsi18n/ HTTP/1.1" 200 3343
"GET /admin/ HTTP/1.1" 200 8716
Internal Server Error: /admin/myapp/user/
Traceback (most recent call last):
  File "/Users/snehasissatapathy/Library/Python/3.9/lib/python/site-packages/django/db/backends/utils.py", line 89, in _execute
    return self.cursor.execute(sql, params)
  File "/Users/snehasissatapathy/Library/Python/3.9/lib/python/site-packages/django/db/backends/sqlite3/base.py", line 328, in execute
    return super().execute(query, params)
sqlite3.OperationalError: no such table: myapp_user

The above exception was the direct cause of the following exception:

Traceback (most recent call last):
  File "/Users/snehasissatapathy/Library/Python/3.9/lib/python/site-packages/django/core/handlers/exception.py", line 55, in inner
    response = get_response(request)
  File "/Users/snehasissatapathy/Library/Python/3.9/lib/python/site-packages/django/core/handlers/base.py", line 197, in _get_response
    response = wrapped_callback(request, *callback_args, **callback_kwargs)
  File "/Users/snehasissatapathy/Library/Python/3.9/lib/python/site-packages/django/contrib/admin/options.py", line 688, in wrapper
    return self.admin_site.admin_view(view)(*args, **kwargs)
  File "/Users/snehasissatapathy/Library/Python/3.9/lib/python/site-packages/django/utils/decorators.py", line 134, in _wrapper_view
    response = view_func(request, *args, **kwargs)
  File "/Users/snehasissatapathy/Library/Python/3.9/lib/python/site-packages/django/views/decorators/cache.py", line 62, in _wrapper_view_func
    response = view_func(request, *args, **kwargs)
  File "/Users/snehasissatapathy/Library/Python/3.9/lib/python/site-packages/django/contrib/admin/sites.py", line 242, in inner
    return view(request, *args, **kwargs)
  File "/Users/snehasissatapathy/Library/Python/3.9/lib/python/site-packages/django/utils/decorators.py", line 46, in _wrapper
    return bound_method(*args, **kwargs)
  File "/Users/snehasissatapathy/Library/Python/3.9/lib/python/site-packages/django/utils/decorators.py", line 134, in _wrapper_view
    response = view_func(request, *args, **kwargs)
  File "/Users/snehasissatapathy/Library/Python/3.9/lib/python/site-packages/django/contrib/admin/options.py", line 1926, in changelist_view
    cl = self.get_changelist_instance(request)
  File "/Users/snehasissatapathy/Library/Python/3.9/lib/python/site-packages/django/contrib/admin/options.py", line 836, in get_changelist_instance
    return ChangeList(
  File "/Users/snehasissatapathy/Library/Python/3.9/lib/python/site-packages/django/contrib/admin/views/main.py", line 123, in __init__
    self.get_results(request)
  File "/Users/snehasissatapathy/Library/Python/3.9/lib/python/site-packages/django/contrib/admin/views/main.py", line 279, in get_results
    result_count = paginator.count
  File "/Users/snehasissatapathy/Library/Python/3.9/lib/python/site-packages/django/utils/functional.py", line 57, in __get__
    res = instance.__dict__[self.name] = self.func(instance)
  File "/Users/snehasissatapathy/Library/Python/3.9/lib/python/site-packages/django/core/paginator.py", line 93, in count
    return c()
  File "/Users/snehasissatapathy/Library/Python/3.9/lib/python/site-packages/django/db/models/query.py", line 608, in count
    return self.query.get_count(using=self.db)
  File "/Users/snehasissatapathy/Library/Python/3.9/lib/python/site-packages/django/db/models/sql/query.py", line 568, in get_count
    return obj.get_aggregation(using, {"__count": Count("*")})["__count"]
  File "/Users/snehasissatapathy/Library/Python/3.9/lib/python/site-packages/django/db/models/sql/query.py", line 554, in get_aggregation
    result = compiler.execute_sql(SINGLE)
  File "/Users/snehasissatapathy/Library/Python/3.9/lib/python/site-packages/django/db/models/sql/compiler.py", line 1562, in execute_sql
    cursor.execute(sql, params)
  File "/Users/snehasissatapathy/Library/Python/3.9/lib/python/site-packages/django/db/backends/utils.py", line 102, in execute
    return super().execute(sql, params)
  File "/Users/snehasissatapathy/Library/Python/3.9/lib/python/site-packages/django/db/backends/utils.py", line 67, in execute
    return self._execute_with_wrappers(
  File "/Users/snehasissatapathy/Library/Python/3.9/lib/python/site-packages/django/db/backends/utils.py", line 80, in _execute_with_wrappers
    return executor(sql, params, many, context)
  File "/Users/snehasissatapathy/Library/Python/3.9/lib/python/site-packages/django/db/backends/utils.py", line 89, in _execute
    return self.cursor.execute(sql, params)
  File "/Users/snehasissatapathy/Library/Python/3.9/lib/python/site-packages/django/db/utils.py", line 91, in __exit__
    raise dj_exc_value.with_traceback(traceback) from exc_value
  File "/Users/snehasissatapathy/Library/Python/3.9/lib/python/site-packages/django/db/backends/utils.py", line 89, in _execute
    return self.cursor.execute(sql, params)
  File "/Users/snehasissatapathy/Library/Python/3.9/lib/python/site-packages/django/db/backends/sqlite3/base.py", line 328, in execute
    return super().execute(query, params)
django.db.utils.OperationalError: no such table: myapp_user
"GET /admin/myapp/user/ HTTP/1.1" 500 175465
"GET /admin/ HTTP/1.1" 200 8716
Internal Server Error: /admin/myapp/customer/
Traceback (most recent call last):
  File "/Users/snehasissatapathy/Library/Python/3.9/lib/python/site-packages/django/db/backends/utils.py", line 89, in _execute
    return self.cursor.execute(sql, params)
  File "/Users/snehasissatapathy/Library/Python/3.9/lib/python/site-packages/django/db/backends/sqlite3/base.py", line 328, in execute
    return super().execute(query, params)
sqlite3.OperationalError: no such table: myapp_customer

The above exception was the direct cause of the following exception:

Traceback (most recent call last):
  File "/Users/snehasissatapathy/Library/Python/3.9/lib/python/site-packages/django/core/handlers/exception.py", line 55, in inner
    response = get_response(request)
  File "/Users/snehasissatapathy/Library/Python/3.9/lib/python/site-packages/django/core/handlers/base.py", line 197, in _get_response
    response = wrapped_callback(request, *callback_args, **callback_kwargs)
  File "/Users/snehasissatapathy/Library/Python/3.9/lib/python/site-packages/django/contrib/admin/options.py", line 688, in wrapper
    return self.admin_site.admin_view(view)(*args, **kwargs)
  File "/Users/snehasissatapathy/Library/Python/3.9/lib/python/site-packages/django/utils/decorators.py", line 134, in _wrapper_view
    response = view_func(request, *args, **kwargs)
  File "/Users/snehasissatapathy/Library/Python/3.9/lib/python/site-packages/django/views/decorators/cache.py", line 62, in _wrapper_view_func
    response = view_func(request, *args, **kwargs)
  File "/Users/snehasissatapathy/Library/Python/3.9/lib/python/site-packages/django/contrib/admin/sites.py", line 242, in inner
    return view(request, *args, **kwargs)
  File "/Users/snehasissatapathy/Library/Python/3.9/lib/python/site-packages/django/utils/decorators.py", line 46, in _wrapper
    return bound_method(*args, **kwargs)
  File "/Users/snehasissatapathy/Library/Python/3.9/lib/python/site-packages/django/utils/decorators.py", line 134, in _wrapper_view
    response = view_func(request, *args, **kwargs)
  File "/Users/snehasissatapathy/Library/Python/3.9/lib/python/site-packages/django/contrib/admin/options.py", line 1926, in changelist_view
    cl = self.get_changelist_instance(request)
  File "/Users/snehasissatapathy/Library/Python/3.9/lib/python/site-packages/django/contrib/admin/options.py", line 836, in get_changelist_instance
    return ChangeList(
  File "/Users/snehasissatapathy/Library/Python/3.9/lib/python/site-packages/django/contrib/admin/views/main.py", line 123, in __init__
    self.get_results(request)
  File "/Users/snehasissatapathy/Library/Python/3.9/lib/python/site-packages/django/contrib/admin/views/main.py", line 279, in get_results
    result_count = paginator.count
  File "/Users/snehasissatapathy/Library/Python/3.9/lib/python/site-packages/django/utils/functional.py", line 57, in __get__
    res = instance.__dict__[self.name] = self.func(instance)
  File "/Users/snehasissatapathy/Library/Python/3.9/lib/python/site-packages/django/core/paginator.py", line 93, in count
    return c()
  File "/Users/snehasissatapathy/Library/Python/3.9/lib/python/site-packages/django/db/models/query.py", line 608, in count
    return self.query.get_count(using=self.db)
  File "/Users/snehasissatapathy/Library/Python/3.9/lib/python/site-packages/django/db/models/sql/query.py", line 568, in get_count
    return obj.get_aggregation(using, {"__count": Count("*")})["__count"]
  File "/Users/snehasissatapathy/Library/Python/3.9/lib/python/site-packages/django/db/models/sql/query.py", line 554, in get_aggregation
    result = compiler.execute_sql(SINGLE)
  File "/Users/snehasissatapathy/Library/Python/3.9/lib/python/site-packages/django/db/models/sql/compiler.py", line 1562, in execute_sql
    cursor.execute(sql, params)
  File "/Users/snehasissatapathy/Library/Python/3.9/lib/python/site-packages/django/db/backends/utils.py", line 102, in execute
    return super().execute(sql, params)
  File "/Users/snehasissatapathy/Library/Python/3.9/lib/python/site-packages/django/db/backends/utils.py", line 67, in execute
    return self._execute_with_wrappers(
  File "/Users/snehasissatapathy/Library/Python/3.9/lib/python/site-packages/django/db/backends/utils.py", line 80, in _execute_with_wrappers
    return executor(sql, params, many, context)
  File "/Users/snehasissatapathy/Library/Python/3.9/lib/python/site-packages/django/db/backends/utils.py", line 89, in _execute
    return self.cursor.execute(sql, params)
  File "/Users/snehasissatapathy/Library/Python/3.9/lib/python/site-packages/django/db/utils.py", line 91, in __exit__
    raise dj_exc_value.with_traceback(traceback) from exc_value
  File "/Users/snehasissatapathy/Library/Python/3.9/lib/python/site-packages/django/db/backends/utils.py", line 89, in _execute
    return self.cursor.execute(sql, params)
  File "/Users/snehasissatapathy/Library/Python/3.9/lib/python/site-packages/django/db/backends/sqlite3/base.py", line 328, in execute
    return super().execute(query, params)
django.db.utils.OperationalError: no such table: myapp_customer
"GET /admin/myapp/customer/ HTTP/1.1" 500 175618
"GET /admin/ HTTP/1.1" 200 8716
"GET /admin/myapp/customer/add/ HTTP/1.1" 200 18463
"GET /admin/jsi18n/ HTTP/1.1" 200 3343
"GET /admin/ HTTP/1.1" 200 8716
Internal Server Error: /admin/myapp/user/
Traceback (most recent call last):
  File "/Users/snehasissatapathy/Library/Python/3.9/lib/python/site-packages/django/db/backends/utils.py", line 89, in _execute
    return self.cursor.execute(sql, params)
  File "/Users/snehasissatapathy/Library/Python/3.9/lib/python/site-packages/django/db/backends/sqlite3/base.py", line 328, in execute
    return super().execute(query, params)
sqlite3.OperationalError: no such table: myapp_user

The above exception was the direct cause of the following exception:

Traceback (most recent call last):
  File "/Users/snehasissatapathy/Library/Python/3.9/lib/python/site-packages/django/core/handlers/exception.py", line 55, in inner
    response = get_response(request)
  File "/Users/snehasissatapathy/Library/Python/3.9/lib/python/site-packages/django/core/handlers/base.py", line 197, in _get_response
    response = wrapped_callback(request, *callback_args, **callback_kwargs)
  File "/Users/snehasissatapathy/Library/Python/3.9/lib/python/site-packages/django/contrib/admin/options.py", line 688, in wrapper
    return self.admin_site.admin_view(view)(*args, **kwargs)
  File "/Users/snehasissatapathy/Library/Python/3.9/lib/python/site-packages/django/utils/decorators.py", line 134, in _wrapper_view
    response = view_func(request, *args, **kwargs)
  File "/Users/snehasissatapathy/Library/Python/3.9/lib/python/site-packages/django/views/decorators/cache.py", line 62, in _wrapper_view_func
    response = view_func(request, *args, **kwargs)
  File "/Users/snehasissatapathy/Library/Python/3.9/lib/python/site-packages/django/contrib/admin/sites.py", line 242, in inner
    return view(request, *args, **kwargs)
  File "/Users/snehasissatapathy/Library/Python/3.9/lib/python/site-packages/django/utils/decorators.py", line 46, in _wrapper
    return bound_method(*args, **kwargs)
  File "/Users/snehasissatapathy/Library/Python/3.9/lib/python/site-packages/django/utils/decorators.py", line 134, in _wrapper_view
    response = view_func(request, *args, **kwargs)
  File "/Users/snehasissatapathy/Library/Python/3.9/lib/python/site-packages/django/contrib/admin/options.py", line 1926, in changelist_view
    cl = self.get_changelist_instance(request)
  File "/Users/snehasissatapathy/Library/Python/3.9/lib/python/site-packages/django/contrib/admin/options.py", line 836, in get_changelist_instance
    return ChangeList(
  File "/Users/snehasissatapathy/Library/Python/3.9/lib/python/site-packages/django/contrib/admin/views/main.py", line 123, in __init__
    self.get_results(request)
  File "/Users/snehasissatapathy/Library/Python/3.9/lib/python/site-packages/django/contrib/admin/views/main.py", line 279, in get_results
    result_count = paginator.count
  File "/Users/snehasissatapathy/Library/Python/3.9/lib/python/site-packages/django/utils/functional.py", line 57, in __get__
    res = instance.__dict__[self.name] = self.func(instance)
  File "/Users/snehasissatapathy/Library/Python/3.9/lib/python/site-packages/django/core/paginator.py", line 93, in count
    return c()
  File "/Users/snehasissatapathy/Library/Python/3.9/lib/python/site-packages/django/db/models/query.py", line 608, in count
    return self.query.get_count(using=self.db)
  File "/Users/snehasissatapathy/Library/Python/3.9/lib/python/site-packages/django/db/models/sql/query.py", line 568, in get_count
    return obj.get_aggregation(using, {"__count": Count("*")})["__count"]
  File "/Users/snehasissatapathy/Library/Python/3.9/lib/python/site-packages/django/db/models/sql/query.py", line 554, in get_aggregation
    result = compiler.execute_sql(SINGLE)
  File "/Users/snehasissatapathy/Library/Python/3.9/lib/python/site-packages/django/db/models/sql/compiler.py", line 1562, in execute_sql
    cursor.execute(sql, params)
  File "/Users/snehasissatapathy/Library/Python/3.9/lib/python/site-packages/django/db/backends/utils.py", line 102, in execute
    return super().execute(sql, params)
  File "/Users/snehasissatapathy/Library/Python/3.9/lib/python/site-packages/django/db/backends/utils.py", line 67, in execute
    return self._execute_with_wrappers(
  File "/Users/snehasissatapathy/Library/Python/3.9/lib/python/site-packages/django/db/backends/utils.py", line 80, in _execute_with_wrappers
    return executor(sql, params, many, context)
  File "/Users/snehasissatapathy/Library/Python/3.9/lib/python/site-packages/django/db/backends/utils.py", line 89, in _execute
    return self.cursor.execute(sql, params)
  File "/Users/snehasissatapathy/Library/Python/3.9/lib/python/site-packages/django/db/utils.py", line 91, in __exit__
    raise dj_exc_value.with_traceback(traceback) from exc_value
  File "/Users/snehasissatapathy/Library/Python/3.9/lib/python/site-packages/django/db/backends/utils.py", line 89, in _execute
    return self.cursor.execute(sql, params)
  File "/Users/snehasissatapathy/Library/Python/3.9/lib/python/site-packages/django/db/backends/sqlite3/base.py", line 328, in execute
    return super().execute(query, params)
django.db.utils.OperationalError: no such table: myapp_user
"GET /admin/myapp/user/ HTTP/1.1" 500 175465
"GET /admin/ HTTP/1.1" 200 8716
"GET /admin/myapp/user/add/ HTTP/1.1" 200 15846
"GET /admin/jsi18n/ HTTP/1.1" 200 3343
Internal Server Error: /admin/myapp/user/add/
Traceback (most recent call last):
  File "/Users/snehasissatapathy/Library/Python/3.9/lib/python/site-packages/django/db/backends/utils.py", line 89, in _execute
    return self.cursor.execute(sql, params)
  File "/Users/snehasissatapathy/Library/Python/3.9/lib/python/site-packages/django/db/backends/sqlite3/base.py", line 328, in execute
    return super().execute(query, params)
sqlite3.OperationalError: no such table: myapp_user

The above exception was the direct cause of the following exception:

Traceback (most recent call last):
  File "/Users/snehasissatapathy/Library/Python/3.9/lib/python/site-packages/django/core/handlers/exception.py", line 55, in inner
    response = get_response(request)
  File "/Users/snehasissatapathy/Library/Python/3.9/lib/python/site-packages/django/core/handlers/base.py", line 197, in _get_response
    response = wrapped_callback(request, *callback_args, **callback_kwargs)
  File "/Users/snehasissatapathy/Library/Python/3.9/lib/python/site-packages/django/contrib/admin/options.py", line 688, in wrapper
    return self.admin_site.admin_view(view)(*args, **kwargs)
  File "/Users/snehasissatapathy/Library/Python/3.9/lib/python/site-packages/django/utils/decorators.py", line 134, in _wrapper_view
    response = view_func(request, *args, **kwargs)
  File "/Users/snehasissatapathy/Library/Python/3.9/lib/python/site-packages/django/views/decorators/cache.py", line 62, in _wrapper_view_func
    response = view_func(request, *args, **kwargs)
  File "/Users/snehasissatapathy/Library/Python/3.9/lib/python/site-packages/django/contrib/admin/sites.py", line 242, in inner
    return view(request, *args, **kwargs)
  File "/Users/snehasissatapathy/Library/Python/3.9/lib/python/site-packages/django/contrib/admin/options.py", line 1886, in add_view
    return self.changeform_view(request, None, form_url, extra_context)
  File "/Users/snehasissatapathy/Library/Python/3.9/lib/python/site-packages/django/utils/decorators.py", line 46, in _wrapper
    return bound_method(*args, **kwargs)
  File "/Users/snehasissatapathy/Library/Python/3.9/lib/python/site-packages/django/utils/decorators.py", line 134, in _wrapper_view
    response = view_func(request, *args, **kwargs)
  File "/Users/snehasissatapathy/Library/Python/3.9/lib/python/site-packages/django/contrib/admin/options.py", line 1747, in changeform_view
    return self._changeform_view(request, object_id, form_url, extra_context)
  File "/Users/snehasissatapathy/Library/Python/3.9/lib/python/site-packages/django/contrib/admin/options.py", line 1792, in _changeform_view
    form_validated = form.is_valid()
  File "/Users/snehasissatapathy/Library/Python/3.9/lib/python/site-packages/django/forms/forms.py", line 201, in is_valid
    return self.is_bound and not self.errors
  File "/Users/snehasissatapathy/Library/Python/3.9/lib/python/site-packages/django/forms/forms.py", line 196, in errors
    self.full_clean()
  File "/Users/snehasissatapathy/Library/Python/3.9/lib/python/site-packages/django/forms/forms.py", line 435, in full_clean
    self._post_clean()
  File "/Users/snehasissatapathy/Library/Python/3.9/lib/python/site-packages/django/forms/models.py", line 492, in _post_clean
    self.validate_unique()
  File "/Users/snehasissatapathy/Library/Python/3.9/lib/python/site-packages/django/forms/models.py", line 501, in validate_unique
    self.instance.validate_unique(exclude=exclude)
  File "/Users/snehasissatapathy/Library/Python/3.9/lib/python/site-packages/django/db/models/base.py", line 1229, in validate_unique
    errors = self._perform_unique_checks(unique_checks)
  File "/Users/snehasissatapathy/Library/Python/3.9/lib/python/site-packages/django/db/models/base.py", line 1339, in _perform_unique_checks
    if qs.exists():
  File "/Users/snehasissatapathy/Library/Python/3.9/lib/python/site-packages/django/db/models/query.py", line 1241, in exists
    return self.query.has_results(using=self.db)
  File "/Users/snehasissatapathy/Library/Python/3.9/lib/python/site-packages/django/db/models/sql/query.py", line 598, in has_results
    return compiler.has_results()
  File "/Users/snehasissatapathy/Library/Python/3.9/lib/python/site-packages/django/db/models/sql/compiler.py", line 1530, in has_results
    return bool(self.execute_sql(SINGLE))
  File "/Users/snehasissatapathy/Library/Python/3.9/lib/python/site-packages/django/db/models/sql/compiler.py", line 1562, in execute_sql
    cursor.execute(sql, params)
  File "/Users/snehasissatapathy/Library/Python/3.9/lib/python/site-packages/django/db/backends/utils.py", line 102, in execute
    return super().execute(sql, params)
  File "/Users/snehasissatapathy/Library/Python/3.9/lib/python/site-packages/django/db/backends/utils.py", line 67, in execute
    return self._execute_with_wrappers(
  File "/Users/snehasissatapathy/Library/Python/3.9/lib/python/site-packages/django/db/backends/utils.py", line 80, in _execute_with_wrappers
    return executor(sql, params, many, context)
  File "/Users/snehasissatapathy/Library/Python/3.9/lib/python/site-packages/django/db/backends/utils.py", line 89, in _execute
    return self.cursor.execute(sql, params)
  File "/Users/snehasissatapathy/Library/Python/3.9/lib/python/site-packages/django/db/utils.py", line 91, in __exit__
    raise dj_exc_value.with_traceback(traceback) from exc_value
  File "/Users/snehasissatapathy/Library/Python/3.9/lib/python/site-packages/django/db/backends/utils.py", line 89, in _execute
    return self.cursor.execute(sql, params)
  File "/Users/snehasissatapathy/Library/Python/3.9/lib/python/site-packages/django/db/backends/sqlite3/base.py", line 328, in execute
    return super().execute(query, params)
django.db.utils.OperationalError: no such table: myapp_user
"POST /admin/myapp/user/add/ HTTP/1.1" 500 191307
Watching for file changes with StatReloader
"GET /admin/ HTTP/1.1" 302 0
"GET /admin/login/?next=/admin/ HTTP/1.1" 200 4181
"POST /admin/login/?next=/admin/ HTTP/1.1" 302 0
"GET /admin/ HTTP/1.1" 200 8716
"GET /admin/myapp/user/ HTTP/1.1" 200 10187
"GET /admin/jsi18n/ HTTP/1.1" 200 3343
"GET /admin/ HTTP/1.1" 200 8716
"GET /admin/myapp/user/add/ HTTP/1.1" 200 15846
"GET /admin/jsi18n/ HTTP/1.1" 200 3343
"POST /admin/myapp/user/add/ HTTP/1.1" 302 0
"GET /admin/myapp/user/ HTTP/1.1" 200 12861
"GET /admin/jsi18n/ HTTP/1.1" 200 3343
Email sending error: [Errno 61] Connection refused
Internal Server Error: /api/users/forgot_password_request/
"POST /api/users/forgot_password_request/ HTTP/1.1" 500 36
Watching for file changes with StatReloader
"GET /admin/myapp/user/ HTTP/1.1" 200 12636
"GET /admin/jsi18n/ HTTP/1.1" 200 3343
"GET /admin/myapp/user/ HTTP/1.1" 200 12636
"GET /admin/jsi18n/ HTTP/1.1" 200 3343
"POST /admin/logout/ HTTP/1.1" 200 3576
/Users/snehasissatapathy/Desktop/New/Chalo_kart/chalo_kart_backend/myapp/views.py changed, reloading.
Watching for file changes with StatReloader
Watching for file changes with StatReloader
Email sending error: [Errno 61] Connection refused
Internal Server Error: /api/users/forgot_password_request/
"POST /api/users/forgot_password_request/ HTTP/1.1" 500 67
Watching for file changes with StatReloader
SMTP Connection Test Failed: [Errno 61] Connection refused
Internal Server Error: /api/users/forgot_password_request/
"POST /api/users/forgot_password_request/ HTTP/1.1" 500 130
Watching for file changes with StatReloader
SMTP Connection Test Failed: [Errno 61] Connection refused
Internal Server Error: /api/users/forgot_password_request/
"POST /api/users/forgot_password_request/ HTTP/1.1" 500 130
SMTP Connection Test Failed: [Errno 61] Connection refused
Internal Server Error: /api/users/forgot_password_request/
"POST /api/users/forgot_password_request/ HTTP/1.1" 500 130
Watching for file changes with StatReloader
Email sending error: [Errno 61] Connection refused
Internal Server Error: /api/users/forgot_password_request/
"POST /api/users/forgot_password_request/ HTTP/1.1" 500 119
Watching for file changes with StatReloader
Watching for file changes with StatReloader
Email sending error: [Errno 61] Connection refused
Internal Server Error: /api/users/forgot_password_request/
"POST /api/users/forgot_password_request/ HTTP/1.1" 500 119
Watching for file changes with StatReloader
Email sending error: [Errno 61] Connection refused
Internal Server Error: /api/users/forgot_password_request/
"POST /api/users/forgot_password_request/ HTTP/1.1" 500 67
Email sending error: [Errno 61] Connection refused
Internal Server Error: /api/users/forgot_password_request/
"POST /api/users/forgot_password_request/ HTTP/1.1" 500 67
Watching for file changes with StatReloader
Email sending error: [Errno 61] Connection refused
Internal Server Error: /api/users/forgot_password_request/
"POST /api/users/forgot_password_request/ HTTP/1.1" 500 67
Watching for file changes with StatReloader
Email sending error: [Errno 61] Connection refused
Internal Server Error: /api/forgot-password/
"POST /api/forgot-password/ HTTP/1.1" 500 67
Watching for file changes with StatReloader
Connection Error: [Errno 61] Connection refused
Internal Server Error: /api/forgot-password/
"POST /api/forgot-password/ HTTP/1.1" 500 76
Watching for file changes with StatReloader
Connection Error: name 'MIMEMultipart' is not defined
Internal Server Error: /api/forgot-password/
"POST /api/forgot-password/ HTTP/1.1" 500 82
Connection Error: name 'MIMEMultipart' is not defined
Internal Server Error: /api/forgot-password/
"POST /api/forgot-password/ HTTP/1.1" 500 82
Connection Error: name 'MIMEMultipart' is not defined
Internal Server Error: /api/forgot-password/
"POST /api/forgot-password/ HTTP/1.1" 500 82
Watching for file changes with StatReloader
Connection Error: [Errno 61] Connection refused
Internal Server Error: /api/forgot-password/
"POST /api/forgot-password/ HTTP/1.1" 500 76
Connection Error: [Errno 61] Connection refused
Internal Server Error: /api/forgot-password/
"POST /api/forgot-password/ HTTP/1.1" 500 76
Watching for file changes with StatReloader
Connection Error: [Errno 61] Connection refused
Internal Server Error: /api/users/forgot_password_request/
"POST /api/users/forgot_password_request/ HTTP/1.1" 500 76
Connection Error: [Errno 61] Connection refused
Internal Server Error: /api/users/forgot_password_request/
"POST /api/users/forgot_password_request/ HTTP/1.1" 500 76
Not Found: /api/forgot_password_request/
"POST /api/forgot_password_request/ HTTP/1.1" 404 21076
Watching for file changes with StatReloader
Watching for file changes with StatReloader
Watching for file changes with StatReloader
Watching for file changes with StatReloader
"GET /admin/ HTTP/1.1" 302 0
"GET /admin/login/?next=/admin/ HTTP/1.1" 200 4181
"POST /admin/login/?next=/admin/ HTTP/1.1" 302 0
"GET /admin/ HTTP/1.1" 200 9060
"GET /admin/myapp/user/ HTTP/1.1" 200 12636
"GET /admin/jsi18n/ HTTP/1.1" 200 3343
"POST /admin/logout/ HTTP/1.1" 200 3576
Not Found: /api/forgot_password_request/
"POST /api/forgot_password_request/ HTTP/1.1" 404 21084
Watching for file changes with StatReloader
"POST /api/users/forgot_password_request/ HTTP/1.1" 200 79
"POST /api/users/verify_reset_otp/ HTTP/1.1" 200 61
Watching for file changes with StatReloader
"GET /admin/ HTTP/1.1" 302 0
"GET /admin/login/?next=/admin/ HTTP/1.1" 200 4181
"POST /admin/login/?next=/admin/ HTTP/1.1" 302 0
"GET /admin/ HTTP/1.1" 200 9060
"GET /admin/auth/user/ HTTP/1.1" 200 12721
"GET /admin/jsi18n/ HTTP/1.1" 200 3343
"GET /admin/auth/ HTTP/1.1" 200 5582
"GET /admin/ HTTP/1.1" 200 9060
"POST /admin/logout/ HTTP/1.1" 200 3576
Watching for file changes with StatReloader
Error in UserViewSet: Authentication credentials were not provided.
Forbidden: /api/users/password-reset-request/
"POST /api/users/password-reset-request/ HTTP/1.1" 403 58
Not Found: /api/forgot-password/
"POST /api/forgot-password/ HTTP/1.1" 404 20486
"POST /api/users/forgot_password_request/ HTTP/1.1" 200 79
"POST /api/users/verify_reset_otp/ HTTP/1.1" 200 61
Not Found: /api/users/forgot_password_request/
"POST /api/users/forgot_password_request/ HTTP/1.1" 404 41
"POST /api/users/forgot_password_request/ HTTP/1.1" 200 79
"POST /api/users/verify_reset_otp/ HTTP/1.1" 200 61
Watching for file changes with StatReloader
Watching for file changes with StatReloader
Watching for file changes with StatReloader
/Users/snehasissatapathy/Desktop/New/Chalo_kart/chalo_kart_backend/chalo_kart_backend/settings.py changed, reloading.
Watching for file changes with StatReloader
Watching for file changes with StatReloader
Watching for file changes with StatReloader
"GET /admin/ HTTP/1.1" 302 0
"GET /admin/login/?next=/admin/ HTTP/1.1" 200 4178
"GET /static/admin/css/dark_mode.css HTTP/1.1" 304 0
"GET /static/admin/css/base.css HTTP/1.1" 304 0
"GET /static/admin/css/nav_sidebar.css HTTP/1.1" 304 0
"GET /static/admin/css/login.css HTTP/1.1" 304 0
"GET /static/admin/css/responsive.css HTTP/1.1" 304 0
"GET /static/admin/js/theme.js HTTP/1.1" 304 0
"GET /static/admin/js/nav_sidebar.js HTTP/1.1" 304 0
Internal Server Error: /admin/login/
Traceback (most recent call last):
  File "/Users/snehasissatapathy/Library/Python/3.9/lib/python/site-packages/django/db/backends/utils.py", line 89, in _execute
    return self.cursor.execute(sql, params)
  File "/Users/snehasissatapathy/Library/Python/3.9/lib/python/site-packages/django/db/backends/sqlite3/base.py", line 328, in execute
    return super().execute(query, params)
sqlite3.OperationalError: no such column: myapp_user.last_login

The above exception was the direct cause of the following exception:

Traceback (most recent call last):
  File "/Users/snehasissatapathy/Library/Python/3.9/lib/python/site-packages/django/core/handlers/exception.py", line 55, in inner
    response = get_response(request)
  File "/Users/snehasissatapathy/Library/Python/3.9/lib/python/site-packages/django/core/handlers/base.py", line 197, in _get_response
    response = wrapped_callback(request, *callback_args, **callback_kwargs)
  File "/Users/snehasissatapathy/Library/Python/3.9/lib/python/site-packages/django/utils/decorators.py", line 46, in _wrapper
    return bound_method(*args, **kwargs)
  File "/Users/snehasissatapathy/Library/Python/3.9/lib/python/site-packages/django/views/decorators/cache.py", line 62, in _wrapper_view_func
    response = view_func(request, *args, **kwargs)
  File "/Users/snehasissatapathy/Library/Python/3.9/lib/python/site-packages/django/contrib/admin/sites.py", line 441, in login
    return LoginView.as_view(**defaults)(request)
  File "/Users/snehasissatapathy/Library/Python/3.9/lib/python/site-packages/django/views/generic/base.py", line 104, in view
    return self.dispatch(request, *args, **kwargs)
  File "/Users/snehasissatapathy/Library/Python/3.9/lib/python/site-packages/django/utils/decorators.py", line 46, in _wrapper
    return bound_method(*args, **kwargs)
  File "/Users/snehasissatapathy/Library/Python/3.9/lib/python/site-packages/django/views/decorators/debug.py", line 92, in sensitive_post_parameters_wrapper
    return view(request, *args, **kwargs)
  File "/Users/snehasissatapathy/Library/Python/3.9/lib/python/site-packages/django/utils/decorators.py", line 46, in _wrapper
    return bound_method(*args, **kwargs)
  File "/Users/snehasissatapathy/Library/Python/3.9/lib/python/site-packages/django/utils/decorators.py", line 134, in _wrapper_view
    response = view_func(request, *args, **kwargs)
  File "/Users/snehasissatapathy/Library/Python/3.9/lib/python/site-packages/django/utils/decorators.py", line 46, in _wrapper
    return bound_method(*args, **kwargs)
  File "/Users/snehasissatapathy/Library/Python/3.9/lib/python/site-packages/django/views/decorators/cache.py", line 62, in _wrapper_view_func
    response = view_func(request, *args, **kwargs)
  File "/Users/snehasissatapathy/Library/Python/3.9/lib/python/site-packages/django/contrib/auth/views.py", line 90, in dispatch
    return super().dispatch(request, *args, **kwargs)
  File "/Users/snehasissatapathy/Library/Python/3.9/lib/python/site-packages/django/views/generic/base.py", line 143, in dispatch
    return handler(request, *args, **kwargs)
  File "/Users/snehasissatapathy/Library/Python/3.9/lib/python/site-packages/django/views/generic/edit.py", line 152, in post
    if form.is_valid():
  File "/Users/snehasissatapathy/Library/Python/3.9/lib/python/site-packages/django/forms/forms.py", line 201, in is_valid
    return self.is_bound and not self.errors
  File "/Users/snehasissatapathy/Library/Python/3.9/lib/python/site-packages/django/forms/forms.py", line 196, in errors
    self.full_clean()
  File "/Users/snehasissatapathy/Library/Python/3.9/lib/python/site-packages/django/forms/forms.py", line 434, in full_clean
    self._clean_form()
  File "/Users/snehasissatapathy/Library/Python/3.9/lib/python/site-packages/django/forms/forms.py", line 455, in _clean_form
    cleaned_data = self.clean()
  File "/Users/snehasissatapathy/Library/Python/3.9/lib/python/site-packages/django/contrib/auth/forms.py", line 252, in clean
    self.user_cache = authenticate(
  File "/Users/snehasissatapathy/Library/Python/3.9/lib/python/site-packages/django/views/decorators/debug.py", line 42, in sensitive_variables_wrapper
    return func(*func_args, **func_kwargs)
  File "/Users/snehasissatapathy/Library/Python/3.9/lib/python/site-packages/django/contrib/auth/__init__.py", line 77, in authenticate
    user = backend.authenticate(request, **credentials)
  File "/Users/snehasissatapathy/Library/Python/3.9/lib/python/site-packages/django/contrib/auth/backends.py", line 46, in authenticate
    user = UserModel._default_manager.get_by_natural_key(username)
  File "/Users/snehasissatapathy/Library/Python/3.9/lib/python/site-packages/django/contrib/auth/base_user.py", line 54, in get_by_natural_key
    return self.get(**{self.model.USERNAME_FIELD: username})
  File "/Users/snehasissatapathy/Library/Python/3.9/lib/python/site-packages/django/db/models/manager.py", line 87, in manager_method
    return getattr(self.get_queryset(), name)(*args, **kwargs)
  File "/Users/snehasissatapathy/Library/Python/3.9/lib/python/site-packages/django/db/models/query.py", line 633, in get
    num = len(clone)
  File "/Users/snehasissatapathy/Library/Python/3.9/lib/python/site-packages/django/db/models/query.py", line 380, in __len__
    self._fetch_all()
  File "/Users/snehasissatapathy/Library/Python/3.9/lib/python/site-packages/django/db/models/query.py", line 1881, in _fetch_all
    self._result_cache = list(self._iterable_class(self))
  File "/Users/snehasissatapathy/Library/Python/3.9/lib/python/site-packages/django/db/models/query.py", line 91, in __iter__
    results = compiler.execute_sql(
  File "/Users/snehasissatapathy/Library/Python/3.9/lib/python/site-packages/django/db/models/sql/compiler.py", line 1562, in execute_sql
    cursor.execute(sql, params)
  File "/Users/snehasissatapathy/Library/Python/3.9/lib/python/site-packages/django/db/backends/utils.py", line 102, in execute
    return super().execute(sql, params)
  File "/Users/snehasissatapathy/Library/Python/3.9/lib/python/site-packages/django/db/backends/utils.py", line 67, in execute
    return self._execute_with_wrappers(
  File "/Users/snehasissatapathy/Library/Python/3.9/lib/python/site-packages/django/db/backends/utils.py", line 80, in _execute_with_wrappers
    return executor(sql, params, many, context)
  File "/Users/snehasissatapathy/Library/Python/3.9/lib/python/site-packages/django/db/backends/utils.py", line 89, in _execute
    return self.cursor.execute(sql, params)
  File "/Users/snehasissatapathy/Library/Python/3.9/lib/python/site-packages/django/db/utils.py", line 91, in __exit__
    raise dj_exc_value.with_traceback(traceback) from exc_value
  File "/Users/snehasissatapathy/Library/Python/3.9/lib/python/site-packages/django/db/backends/utils.py", line 89, in _execute
    return self.cursor.execute(sql, params)
  File "/Users/snehasissatapathy/Library/Python/3.9/lib/python/site-packages/django/db/backends/sqlite3/base.py", line 328, in execute
    return super().execute(query, params)
django.db.utils.OperationalError: no such column: myapp_user.last_login
"POST /admin/login/?next=/admin/ HTTP/1.1" 500 234064
Watching for file changes with StatReloader
"GET /admin/ HTTP/1.1" 302 0
"GET /admin/login/?next=/admin/ HTTP/1.1" 200 4178
"POST /admin/login/?next=/admin/ HTTP/1.1" 302 0
"GET /admin/ HTTP/1.1" 200 8316
"GET /static/admin/css/dashboard.css HTTP/1.1" 304 0
"GET /static/admin/img/icon-changelink.svg HTTP/1.1" 304 0
"GET /static/admin/img/icon-addlink.svg HTTP/1.1" 304 0
"GET /admin/myapp/user/ HTTP/1.1" 200 12143
"GET /static/admin/js/jquery.init.js HTTP/1.1" 304 0
"GET /static/admin/css/changelists.css HTTP/1.1" 304 0
"GET /static/admin/js/admin/RelatedObjectLookups.js HTTP/1.1" 304 0
"GET /static/admin/js/core.js HTTP/1.1" 304 0
"GET /static/admin/js/vendor/jquery/jquery.js HTTP/1.1" 304 0
"GET /static/admin/js/urlify.js HTTP/1.1" 304 0
"GET /static/admin/js/actions.js HTTP/1.1" 304 0
"GET /static/admin/js/vendor/xregexp/xregexp.js HTTP/1.1" 304 0
"GET /static/admin/js/prepopulate.js HTTP/1.1" 304 0
"GET /admin/jsi18n/ HTTP/1.1" 200 3343
"GET /static/admin/img/icon-yes.svg HTTP/1.1" 304 0
"GET /static/admin/img/search.svg HTTP/1.1" 304 0
"GET /static/admin/js/filters.js HTTP/1.1" 304 0
"GET /static/admin/img/sorting-icons.svg HTTP/1.1" 304 0
"GET /static/admin/img/tooltag-add.svg HTTP/1.1" 304 0
"GET /admin/ HTTP/1.1" 200 8316
"GET /admin/myapp/customer/ HTTP/1.1" 200 10080
"GET /admin/jsi18n/ HTTP/1.1" 200 3343
"GET /admin/ HTTP/1.1" 200 8316
"GET /admin/myapp/driver/ HTTP/1.1" 200 9639
"GET /admin/jsi18n/ HTTP/1.1" 200 3343
"GET /admin/ HTTP/1.1" 200 8316
Watching for file changes with StatReloader
"GET /admin/ HTTP/1.1" 200 8723
"POST /admin/logout/ HTTP/1.1" 200 3576
"GET /admin/ HTTP/1.1" 302 0
"GET /admin/login/?next=/admin/ HTTP/1.1" 200 4178
"POST /admin/login/?next=/admin/ HTTP/1.1" 302 0
"GET /admin/ HTTP/1.1" 200 8723
Watching for file changes with StatReloader
"GET /admin/ HTTP/1.1" 200 7885
"GET /admin/myapp/user/ HTTP/1.1" 200 12009
"GET /admin/jsi18n/ HTTP/1.1" 200 3343
"GET /admin/myapp/user/add/ HTTP/1.1" 200 103037
"GET /static/admin/css/forms.css HTTP/1.1" 304 0
"GET /static/admin/js/admin/DateTimeShortcuts.js HTTP/1.1" 304 0
"GET /static/admin/js/prepopulate_init.js HTTP/1.1" 304 0
"GET /static/admin/js/calendar.js HTTP/1.1" 304 0
"GET /static/admin/css/widgets.css HTTP/1.1" 304 0
"GET /admin/jsi18n/ HTTP/1.1" 200 3343
"GET /static/admin/js/inlines.js HTTP/1.1" 200 15526
"GET /static/admin/js/change_form.js HTTP/1.1" 304 0
"GET /static/admin/img/inline-delete.svg HTTP/1.1" 200 560
"GET /static/admin/img/icon-calendar.svg HTTP/1.1" 304 0
"GET /static/admin/img/icon-clock.svg HTTP/1.1" 304 0
"POST /admin/logout/ HTTP/1.1" 200 3576
Watching for file changes with StatReloader
"GET /admin/ HTTP/1.1" 302 0
"GET /admin/login/?next=/admin/ HTTP/1.1" 200 4178
"POST /admin/login/?next=/admin/ HTTP/1.1" 302 0
"GET /admin/ HTTP/1.1" 200 7885
Watching for file changes with StatReloader
"GET /admin/ HTTP/1.1" 200 8763
"GET /admin/ HTTP/1.1" 200 8763
Watching for file changes with StatReloader
"GET /admin/ HTTP/1.1" 302 0
"GET /admin/login/?next=/admin/ HTTP/1.1" 200 4188
"POST /admin/login/?next=/admin/ HTTP/1.1" 302 0
"GET /admin/ HTTP/1.1" 200 8081
"GET /admin/myapp/user/ HTTP/1.1" 200 12048
"GET /admin/jsi18n/ HTTP/1.1" 200 3343
"GET /admin/myapp/driver/ HTTP/1.1" 200 9672
"GET /admin/jsi18n/ HTTP/1.1" 200 3343
"GET /admin/myapp/customer/ HTTP/1.1" 200 10108
"GET /admin/jsi18n/ HTTP/1.1" 200 3343
"GET /admin/myapp/wallet/ HTTP/1.1" 200 8950
"GET /admin/jsi18n/ HTTP/1.1" 200 3343
"POST /admin/logout/ HTTP/1.1" 200 3586
Watching for file changes with StatReloader
- Broken pipe from ('127.0.0.1', 61922)
"GET /admin/ HTTP/1.1" 302 0
"GET /admin/login/?next=/admin/ HTTP/1.1" 200 4188
Watching for file changes with StatReloader
"GET /admin/ HTTP/1.1" 302 0
"GET /admin/login/?next=/admin/ HTTP/1.1" 200 4188
"POST /admin/login/?next=/admin/ HTTP/1.1" 302 0
"GET /admin/ HTTP/1.1" 200 8081
"GET /admin/myapp/user/ HTTP/1.1" 200 12048
"GET /admin/jsi18n/ HTTP/1.1" 200 3343
"POST /admin/logout/ HTTP/1.1" 200 3586
Not Found: /api/users/forgot_password_request/
"POST /api/users/forgot_password_request/ HTTP/1.1" 404 41
Not Found: /api/users/forgot_password_request/
"POST /api/users/forgot_password_request/ HTTP/1.1" 404 41
Not Found: /api/users/forgot_password_request/
"POST /api/users/forgot_password_request/ HTTP/1.1" 404 41
Not Found: /api/users/forgot_password_request/
"POST /api/users/forgot_password_request/ HTTP/1.1" 404 41
Watching for file changes with StatReloader
"POST /api/users/forgot_password_request/ HTTP/1.1" 200 79
"POST /api/users/verify_reset_otp/ HTTP/1.1" 200 61
Not Found: /api/users/forgot_password_request/
"POST /api/users/forgot_password_request/ HTTP/1.1" 404 41
Not Found: /api/users/forgot_password_request/
"POST /api/users/forgot_password_request/ HTTP/1.1" 404 41
Login error: Field name `created_at` is not valid for model `User` in `myapp.serializers.UserSerializer`.
Internal Server Error: /api/users/login/
"POST /api/users/login/ HTTP/1.1" 500 42
Unauthorized: /api/users/login/
"POST /api/users/login/ HTTP/1.1" 401 31
Watching for file changes with StatReloader
"GET /admin/ HTTP/1.1" 302 0
"GET /admin/login/?next=/admin/ HTTP/1.1" 200 4188
"POST /admin/login/?next=/admin/ HTTP/1.1" 302 0
"GET /admin/ HTTP/1.1" 200 8081
"GET /admin/myapp/user/ HTTP/1.1" 200 12545
"GET /admin/jsi18n/ HTTP/1.1" 200 3343
"GET /static/admin/img/icon-no.svg HTTP/1.1" 304 0
"POST /admin/logout/ HTTP/1.1" 200 3586
Watching for file changes with StatReloader
"GET /admin/ HTTP/1.1" 302 0
"GET /admin/login/?next=/admin/ HTTP/1.1" 200 4188
"GET /static/admin/css/dark_mode.css HTTP/1.1" 304 0
"GET /static/admin/css/base.css HTTP/1.1" 304 0
"GET /static/admin/css/nav_sidebar.css HTTP/1.1" 304 0
"GET /static/admin/css/responsive.css HTTP/1.1" 304 0
"GET /static/admin/css/login.css HTTP/1.1" 304 0
"GET /static/admin/js/theme.js HTTP/1.1" 304 0
"GET /static/admin/js/nav_sidebar.js HTTP/1.1" 304 0
"POST /admin/login/?next=/admin/ HTTP/1.1" 302 0
"GET /admin/ HTTP/1.1" 200 8081
"GET /static/admin/css/dashboard.css HTTP/1.1" 304 0
"GET /static/admin/img/icon-changelink.svg HTTP/1.1" 304 0
"GET /static/admin/img/icon-addlink.svg HTTP/1.1" 304 0
"GET /admin/myapp/user/ HTTP/1.1" 200 12545
"GET /static/admin/js/jquery.init.js HTTP/1.1" 304 0
"GET /static/admin/css/changelists.css HTTP/1.1" 304 0
"GET /static/admin/js/core.js HTTP/1.1" 304 0
"GET /static/admin/js/vendor/jquery/jquery.js HTTP/1.1" 304 0
"GET /static/admin/js/admin/RelatedObjectLookups.js HTTP/1.1" 304 0
"GET /static/admin/js/actions.js HTTP/1.1" 304 0
"GET /static/admin/js/urlify.js HTTP/1.1" 304 0
"GET /static/admin/img/icon-yes.svg HTTP/1.1" 304 0
"GET /static/admin/js/vendor/xregexp/xregexp.js HTTP/1.1" 304 0
"GET /static/admin/js/prepopulate.js HTTP/1.1" 304 0
"GET /admin/jsi18n/ HTTP/1.1" 200 3343
"GET /static/admin/img/icon-no.svg HTTP/1.1" 304 0
"GET /static/admin/img/search.svg HTTP/1.1" 304 0
"GET /static/admin/js/filters.js HTTP/1.1" 304 0
"GET /static/admin/img/tooltag-add.svg HTTP/1.1" 304 0
"GET /static/admin/img/sorting-icons.svg HTTP/1.1" 304 0
"GET /admin/ HTTP/1.1" 200 8081
"GET /admin/myapp/user/ HTTP/1.1" 200 12545
"GET /admin/jsi18n/ HTTP/1.1" 200 3343
"POST /admin/myapp/user/ HTTP/1.1" 302 0
"GET /admin/myapp/user/ HTTP/1.1" 200 12670
"GET /admin/jsi18n/ HTTP/1.1" 200 3343
"GET /static/admin/img/icon-alert.svg HTTP/1.1" 200 504
"GET /admin/myapp/user/1/change/ HTTP/1.1" 200 22698
"GET /static/admin/css/forms.css HTTP/1.1" 304 0
"GET /static/admin/js/SelectBox.js HTTP/1.1" 304 0
"GET /static/admin/js/prepopulate_init.js HTTP/1.1" 304 0
"GET /static/admin/js/SelectFilter2.js HTTP/1.1" 304 0
"GET /static/admin/css/widgets.css HTTP/1.1" 304 0
"GET /admin/jsi18n/ HTTP/1.1" 200 3343
"GET /static/admin/js/change_form.js HTTP/1.1" 304 0
"GET /static/admin/img/icon-unknown.svg HTTP/1.1" 304 0
"GET /static/admin/img/icon-unknown-alt.svg HTTP/1.1" 304 0
"GET /static/admin/img/selector-icons.svg HTTP/1.1" 304 0
"GET /admin/myapp/user/ HTTP/1.1" 200 12545
"GET /admin/myapp/user/?o=-1 HTTP/1.1" 200 12721
"GET /admin/jsi18n/ HTTP/1.1" 200 3343
"GET /admin/myapp/user/?o=1 HTTP/1.1" 200 12707
"GET /admin/jsi18n/ HTTP/1.1" 200 3343
"POST /admin/logout/ HTTP/1.1" 200 3586
Watching for file changes with StatReloader
"GET /admin/ HTTP/1.1" 302 0
"GET /admin/login/?next=/admin/ HTTP/1.1" 200 4188
"POST /admin/login/?next=/admin/ HTTP/1.1" 302 0
"GET /admin/ HTTP/1.1" 200 8081
"GET /admin/myapp/user/ HTTP/1.1" 200 12545
"GET /admin/jsi18n/ HTTP/1.1" 200 3343
"GET /admin/myapp/user/1/change/ HTTP/1.1" 200 22698
"GET /admin/jsi18n/ HTTP/1.1" 200 3343
"GET /admin/myapp/user/ HTTP/1.1" 200 12545
"GET /admin/myapp/user/add/ HTTP/1.1" 200 12079
"GET /admin/jsi18n/ HTTP/1.1" 200 3343
"GET /admin/myapp/user/ HTTP/1.1" 200 12545
Watching for file changes with StatReloader
"GET /admin/ HTTP/1.1" 200 8081
"GET /admin/ HTTP/1.1" 200 8081
"GET /admin/myapp/user/ HTTP/1.1" 200 12553
"GET /admin/jsi18n/ HTTP/1.1" 200 3343
"GET /admin/myapp/user/2/change/ HTTP/1.1" 200 22473
"GET /admin/jsi18n/ HTTP/1.1" 200 3343
"GET /admin/myapp/user/ HTTP/1.1" 200 12553
"GET /admin/myapp/user/2/change/ HTTP/1.1" 200 22473
"GET /admin/jsi18n/ HTTP/1.1" 200 3343
"GET /admin/myapp/user/2/delete/ HTTP/1.1" 200 8648
"GET /static/admin/js/cancel.js HTTP/1.1" 304 0
"POST /admin/myapp/user/2/delete/ HTTP/1.1" 302 0
"GET /admin/myapp/user/ HTTP/1.1" 200 12229
"GET /admin/jsi18n/ HTTP/1.1" 200 3343
"GET /admin/myapp/user/add/ HTTP/1.1" 200 12079
"GET /admin/jsi18n/ HTTP/1.1" 200 3343
"POST /admin/myapp/user/add/ HTTP/1.1" 302 0
"GET /admin/myapp/user/3/change/ HTTP/1.1" 200 22920
"GET /admin/jsi18n/ HTTP/1.1" 200 3343
"POST /admin/myapp/user/3/change/ HTTP/1.1" 302 0
"GET /admin/myapp/user/ HTTP/1.1" 200 12776
"GET /admin/jsi18n/ HTTP/1.1" 200 3343
"POST /admin/logout/ HTTP/1.1" 200 3586
Not Found: /api/forgot-password/
"POST /api/forgot-password/ HTTP/1.1" 404 20486
"POST /api/users/forgot_password_request/ HTTP/1.1" 200 79
"POST /api/users/verify_reset_otp/ HTTP/1.1" 200 61
Not Found: /reset-password/Mw/cmpp93-ee7ec361f6e4585c98def64e90736069/
"GET /reset-password/Mw/cmpp93-ee7ec361f6e4585c98def64e90736069/ HTTP/1.1" 404 2467
/Users/snehasissatapathy/Desktop/New2/Chalo_kart/chalo_kart_backend/myapp/views.py changed, reloading.
Watching for file changes with StatReloader
/Users/snehasissatapathy/Desktop/New2/Chalo_kart/chalo_kart_backend/myapp/views.py changed, reloading.
Watching for file changes with StatReloader
Bad Request: /api/users/verify_reset_otp/
"POST /api/users/verify_reset_otp/ HTTP/1.1" 400 23
"POST /api/users/forgot_password_request/ HTTP/1.1" 200 79
Watching for file changes with StatReloader
"POST /api/users/forgot_password_request/ HTTP/1.1" 200 79
"POST /api/users/verify_reset_otp/ HTTP/1.1" 200 61
Not Found: /forget-password/Mw/cmppdq-a148adef2ace96527c65d2e135fb8d6f/
"GET /forget-password/Mw/cmppdq-a148adef2ace96527c65d2e135fb8d6f/ HTTP/1.1" 404 2470
/Users/snehasissatapathy/Desktop/New2/Chalo_kart/chalo_kart_backend/myapp/views.py changed, reloading.
Watching for file changes with StatReloader
"POST /api/users/forgot_password_request/ HTTP/1.1" 200 79
"POST /api/users/verify_reset_otp/ HTTP/1.1" 200 61
Not Found: /password-reset/Mw/cmppho-b25274acd5340cd381962ce9311b00f4/
"GET /password-reset/Mw/cmppho-b25274acd5340cd381962ce9311b00f4/ HTTP/1.1" 404 2467
"POST /api/users/forgot_password_request/ HTTP/1.1" 200 79
"POST /api/users/verify_reset_otp/ HTTP/1.1" 200 61
Not Found: /password-reset/Mw/cmpplg-a070806d1d43b6d86791206507daef29/
"GET /password-reset/Mw/cmpplg-a070806d1d43b6d86791206507daef29/ HTTP/1.1" 404 2467
Watching for file changes with StatReloader
Watching for file changes with StatReloader
Watching for file changes with StatReloader
Watching for file changes with StatReloader
Watching for file changes with StatReloader
/Users/snehasissatapathy/Desktop/New2/Chalo_kart/chalo_kart_backend/myapp/views.py changed, reloading.
Watching for file changes with StatReloader
Watching for file changes with StatReloader
"POST /api/users/forgot_password_request/ HTTP/1.1" 200 79
"POST /api/users/verify_reset_otp/ HTTP/1.1" 200 61
Not Found: /reset/Mw/cmpqbq-43ae94627f4455961bd0a94d955842b2/
"GET /reset/Mw/cmpqbq-43ae94627f4455961bd0a94d955842b2/ HTTP/1.1" 404 2440
Watching for file changes with StatReloader
"POST /api/users/forgot_password_request/ HTTP/1.1" 200 79
"POST /api/users/verify_reset_otp/ HTTP/1.1" 200 61
"GET /reset/Mw/cmpqg5-0703850c3c8cd981891d5a497c1f2f6c/ HTTP/1.1" 302 0
"GET /reset/Mw/set-password/ HTTP/1.1" 200 2827
"POST /reset/Mw/set-password/ HTTP/1.1" 302 0
"GET /password-reset/complete/ HTTP/1.1" 200 1541
Not Found: /login
"GET /login HTTP/1.1" 404 3812
Watching for file changes with StatReloader
"GET /admin/ HTTP/1.1" 302 0
"GET /admin/login/?next=/admin/ HTTP/1.1" 200 4188
"POST /admin/login/?next=/admin/ HTTP/1.1" 302 0
"GET /admin/ HTTP/1.1" 200 8999
"GET /static/admin/img/icon-deletelink.svg HTTP/1.1" 200 392
"GET /admin/myapp/user/ HTTP/1.1" 200 12553
"GET /admin/jsi18n/ HTTP/1.1" 200 3343
"GET /admin/myapp/user/3/change/ HTTP/1.1" 200 22670
"GET /admin/jsi18n/ HTTP/1.1" 200 3343
"POST /admin/myapp/user/3/change/ HTTP/1.1" 302 0
"GET /admin/myapp/user/ HTTP/1.1" 200 12776
"GET /admin/jsi18n/ HTTP/1.1" 200 3343
"POST /admin/logout/ HTTP/1.1" 200 3586
"GET /admin/ HTTP/1.1" 302 0
"GET /admin/login/?next=/admin/ HTTP/1.1" 200 4188
"POST /admin/login/?next=/admin/ HTTP/1.1" 302 0
"GET /admin/ HTTP/1.1" 200 4585
"POST /admin/logout/ HTTP/1.1" 200 3586
"GET /admin/ HTTP/1.1" 302 0
"GET /admin/login/?next=/admin/ HTTP/1.1" 200 4188
"POST /admin/login/?next=/admin/ HTTP/1.1" 302 0
"GET /admin/ HTTP/1.1" 200 9309
"POST /admin/logout/ HTTP/1.1" 200 3586
Watching for file changes with StatReloader
"POST /api/users/forgot_password_request/ HTTP/1.1" 200 79
Error in UserViewSet: Authentication credentials were not provided.
Unauthorized: /api/users/verify_reset_otp/
"POST /api/users/verify_reset_otp/ HTTP/1.1" 401 58
/Users/snehasissatapathy/Desktop/New2/Chalo_kart/chalo_kart_backend/myapp/views.py changed, reloading.
Watching for file changes with StatReloader
/Users/snehasissatapathy/Desktop/New2/Chalo_kart/chalo_kart_backend/myapp/views.py changed, reloading.
Watching for file changes with StatReloader
/Users/snehasissatapathy/Desktop/New2/Chalo_kart/chalo_kart_backend/myapp/views.py changed, reloading.
Watching for file changes with StatReloader
Watching for file changes with StatReloader
"POST /api/users/forgot_password_request/ HTTP/1.1" 200 79
Error in UserViewSet: Authentication credentials were not provided.
Unauthorized: /api/users/verify_reset_otp/
"POST /api/users/verify_reset_otp/ HTTP/1.1" 401 58
Error in UserViewSet: Authentication credentials were not provided.
Unauthorized: /api/users/verify_reset_otp/
"POST /api/users/verify_reset_otp/ HTTP/1.1" 401 58
Watching for file changes with StatReloader
"POST /api/users/forgot_password_request/ HTTP/1.1" 200 79
"POST /api/users/verify_forget_otp/ HTTP/1.1" 200 62
"GET /forget/Mw/cmpre7-0b2f8ba1a42219659c9fa27a34d63f5f/ HTTP/1.1" 302 0
"GET /forget/Mw/set-password/ HTTP/1.1" 200 2827
"POST /forget/Mw/set-password/ HTTP/1.1" 302 0
"GET /password-forget/complete/ HTTP/1.1" 200 1541
Not Found: /login
"GET /login HTTP/1.1" 404 3824
Watching for file changes with StatReloader
"GET /admin/ HTTP/1.1" 302 0
"GET /admin/login/?next=/admin/ HTTP/1.1" 200 4188
"POST /admin/login/?next=/admin/ HTTP/1.1" 302 0
"GET /admin/ HTTP/1.1" 200 4585
"POST /admin/logout/ HTTP/1.1" 200 3586
"GET /admin/ HTTP/1.1" 302 0
"GET /admin/login/?next=/admin/ HTTP/1.1" 200 4188
"POST /admin/login/?next=/admin/ HTTP/1.1" 302 0
"GET /admin/ HTTP/1.1" 200 9309
"GET /admin/myapp/user/ HTTP/1.1" 200 12553
"GET /admin/jsi18n/ HTTP/1.1" 200 3343
"GET /admin/myapp/user/3/change/ HTTP/1.1" 200 22678
"GET /admin/jsi18n/ HTTP/1.1" 200 3343
"GET /admin/myapp/user/ HTTP/1.1" 200 12553
"POST /admin/logout/ HTTP/1.1" 200 3586
"POST /api/users/forgot_password_request/ HTTP/1.1" 200 79
"POST /api/users/verify_forget_otp/ HTTP/1.1" 200 62
"GET /forget/Mw/cmprto-39f323904ddef19aa2c4f11f76ec0244/ HTTP/1.1" 302 0
"GET /forget/Mw/set-password/ HTTP/1.1" 200 2827
Login error: Field name `created_at` is not valid for model `User` in `myapp.serializers.UserSerializer`.
Internal Server Error: /api/users/login/
"POST /api/users/login/ HTTP/1.1" 500 42
Watching for file changes with StatReloader
"POST /api/users/login/ HTTP/1.1" 200 639
Error in TripViewSet: No Trip matches the given query.
Not Found: /api/trips/recent/
"GET /api/trips/recent/ HTTP/1.1" 404 45
Not Found: /api/wallet/info/
"GET /api/wallet/info/ HTTP/1.1" 404 21993
"POST /api/users/forgot_password_request/ HTTP/1.1" 200 79
"POST /api/users/verify_forget_otp/ HTTP/1.1" 200 62
"GET /forget/Mw/cmps36-165d8ef0b5ffd30dab53459341d8c7f6/ HTTP/1.1" 302 0
"GET /forget/Mw/set-password/ HTTP/1.1" 200 2827
Watching for file changes with StatReloader
"POST /api/users/forgot_password_request/ HTTP/1.1" 200 79
"POST /api/users/verify_forget_otp/ HTTP/1.1" 200 62
"POST /api/users/login/ HTTP/1.1" 200 639
Not Found: /api/wallet/add-funds/
"POST /api/wallet/add-funds/ HTTP/1.1" 404 22009
Not Found: /api/wallet/info/
"GET /api/wallet/info/ HTTP/1.1" 404 21993
"GET /admin/ HTTP/1.1" 302 0
"GET /admin/login/?next=/admin/ HTTP/1.1" 200 4188
"GET /static/admin/css/dark_mode.css HTTP/1.1" 304 0
"GET /static/admin/css/base.css HTTP/1.1" 304 0
"GET /static/admin/css/nav_sidebar.css HTTP/1.1" 304 0
"GET /static/admin/css/login.css HTTP/1.1" 304 0
"GET /static/admin/css/responsive.css HTTP/1.1" 304 0
"GET /static/admin/js/nav_sidebar.js HTTP/1.1" 304 0
"GET /static/admin/js/theme.js HTTP/1.1" 304 0
"POST /admin/login/?next=/admin/ HTTP/1.1" 302 0
"GET /admin/ HTTP/1.1" 200 9309
"GET /static/admin/css/dashboard.css HTTP/1.1" 304 0
"GET /static/admin/img/icon-addlink.svg HTTP/1.1" 304 0
"GET /static/admin/img/icon-changelink.svg HTTP/1.1" 304 0
"GET /static/admin/img/icon-deletelink.svg HTTP/1.1" 304 0
"GET /admin/myapp/user/ HTTP/1.1" 200 12553
"GET /static/admin/css/changelists.css HTTP/1.1" 304 0
"GET /static/admin/js/vendor/jquery/jquery.js HTTP/1.1" 304 0
"GET /static/admin/js/actions.js HTTP/1.1" 304 0
"GET /static/admin/js/jquery.init.js HTTP/1.1" 304 0
"GET /static/admin/js/core.js HTTP/1.1" 304 0
"GET /static/admin/js/urlify.js HTTP/1.1" 304 0
"GET /static/admin/js/admin/RelatedObjectLookups.js HTTP/1.1" 304 0
"GET /static/admin/js/vendor/xregexp/xregexp.js HTTP/1.1" 304 0
"GET /static/admin/img/icon-yes.svg HTTP/1.1" 304 0
"GET /static/admin/img/search.svg HTTP/1.1" 304 0
"GET /static/admin/js/prepopulate.js HTTP/1.1" 304 0
"GET /admin/jsi18n/ HTTP/1.1" 200 3343
"GET /static/admin/js/filters.js HTTP/1.1" 304 0
"GET /static/admin/img/tooltag-add.svg HTTP/1.1" 304 0
"GET /static/admin/img/sorting-icons.svg HTTP/1.1" 304 0
"POST /admin/logout/ HTTP/1.1" 200 3586
Watching for file changes with StatReloader
"GET /admin/ HTTP/1.1" 302 0
"GET /admin/login/?next=/admin/ HTTP/1.1" 200 4188
"GET /static/admin/css/base.css HTTP/1.1" 304 0
"GET /static/admin/css/responsive.css HTTP/1.1" 304 0
"GET /static/admin/css/login.css HTTP/1.1" 304 0
"GET /static/admin/css/dark_mode.css HTTP/1.1" 304 0
"GET /static/admin/js/theme.js HTTP/1.1" 304 0
"GET /static/admin/css/nav_sidebar.css HTTP/1.1" 304 0
"GET /static/admin/js/nav_sidebar.js HTTP/1.1" 304 0
"POST /admin/login/?next=/admin/ HTTP/1.1" 302 0
"GET /admin/ HTTP/1.1" 200 9309
"GET /static/admin/css/dashboard.css HTTP/1.1" 304 0
"GET /static/admin/img/icon-deletelink.svg HTTP/1.1" 304 0
"GET /static/admin/img/icon-addlink.svg HTTP/1.1" 304 0
"GET /static/admin/img/icon-changelink.svg HTTP/1.1" 304 0
"GET /admin/myapp/user/ HTTP/1.1" 200 12553
"GET /static/admin/js/jquery.init.js HTTP/1.1" 304 0
"GET /static/admin/js/admin/RelatedObjectLookups.js HTTP/1.1" 304 0
"GET /static/admin/css/changelists.css HTTP/1.1" 304 0
"GET /static/admin/js/core.js HTTP/1.1" 304 0
"GET /static/admin/js/actions.js HTTP/1.1" 304 0
"GET /admin/jsi18n/ HTTP/1.1" 200 3343
"GET /static/admin/js/prepopulate.js HTTP/1.1" 304 0
"GET /static/admin/img/search.svg HTTP/1.1" 304 0
"GET /static/admin/js/urlify.js HTTP/1.1" 304 0
"GET /static/admin/img/icon-yes.svg HTTP/1.1" 304 0
"GET /static/admin/js/vendor/xregexp/xregexp.js HTTP/1.1" 200 232381
"GET /static/admin/js/vendor/jquery/jquery.js HTTP/1.1" 200 292458
"GET /static/admin/js/filters.js HTTP/1.1" 304 0
"GET /static/admin/img/sorting-icons.svg HTTP/1.1" 304 0
"GET /static/admin/img/tooltag-add.svg HTTP/1.1" 304 0
"GET /admin/myapp/driver/ HTTP/1.1" 200 9672
"GET /admin/jsi18n/ HTTP/1.1" 200 3343
"GET /admin/myapp/user/ HTTP/1.1" 200 12553
"GET /admin/jsi18n/ HTTP/1.1" 200 3343
"GET /admin/myapp/trip/ HTTP/1.1" 200 9579
"GET /admin/jsi18n/ HTTP/1.1" 200 3343
"GET /admin/myapp/route/ HTTP/1.1" 200 8943
"GET /admin/jsi18n/ HTTP/1.1" 200 3343
"GET /admin/myapp/customer/ HTTP/1.1" 200 10108
"GET /admin/jsi18n/ HTTP/1.1" 200 3343
"GET /admin/myapp/payment/ HTTP/1.1" 200 9741
"GET /admin/jsi18n/ HTTP/1.1" 200 3343
"GET /admin/myapp/golfcart/ HTTP/1.1" 200 9769
"GET /admin/jsi18n/ HTTP/1.1" 200 3343
Unauthorized: /api/users/login/
"POST /api/users/login/ HTTP/1.1" 401 31
Watching for file changes with StatReloader
"GET /admin/ HTTP/1.1" 200 9309
"GET /admin/myapp/user/ HTTP/1.1" 200 12553
"GET /admin/jsi18n/ HTTP/1.1" 200 3343
Error in UserViewSet: {'detail': ErrorDetail(string='Given token not valid for any token type', code='token_not_valid'), 'code': ErrorDetail(string='token_not_valid', code='token_not_valid'), 'messages': [{'token_class': ErrorDetail(string='AccessToken', code='token_not_valid'), 'token_type': ErrorDetail(string='access', code='token_not_valid'), 'message': ErrorDetail(string='Token is invalid', code='token_not_valid')}]}
Unauthorized: /api/users/initialize/
"POST /api/users/initialize/ HTTP/1.1" 401 172
Watching for file changes with StatReloader
Error in UserViewSet: {'detail': ErrorDetail(string='Given token not valid for any token type', code='token_not_valid'), 'code': ErrorDetail(string='token_not_valid', code='token_not_valid'), 'messages': [{'token_class': ErrorDetail(string='AccessToken', code='token_not_valid'), 'token_type': ErrorDetail(string='access', code='token_not_valid'), 'message': ErrorDetail(string='Token is invalid', code='token_not_valid')}]}
Unauthorized: /api/users/initialize/
"POST /api/users/initialize/ HTTP/1.1" 401 172
Watching for file changes with StatReloader
Watching for file changes with StatReloader
User initialized successfully: guddu03abc@gmail.com
"POST /api/users/initialize/ HTTP/1.1" 201 55
Error in UserViewSet: Authentication credentials were not provided.
Unauthorized: /api/users/update-profile/
"POST /api/users/update-profile/ HTTP/1.1" 401 58
"GET /admin/myapp/golfcart/ HTTP/1.1" 200 9769
"GET /admin/jsi18n/ HTTP/1.1" 200 3343
"GET /admin/myapp/user/ HTTP/1.1" 200 13068
"GET /admin/jsi18n/ HTTP/1.1" 200 3343
"GET /static/admin/img/icon-no.svg HTTP/1.1" 304 0
Unauthorized: /api/users/login/
"POST /api/users/login/ HTTP/1.1" 401 31
Unauthorized: /api/users/login/
"POST /api/users/login/ HTTP/1.1" 401 31
"GET /admin/myapp/user/4/change/ HTTP/1.1" 200 22483
"GET /static/admin/js/prepopulate_init.js HTTP/1.1" 304 0
"GET /admin/jsi18n/ HTTP/1.1" 200 3343
"GET /static/admin/css/forms.css HTTP/1.1" 200 9090
"GET /static/admin/js/SelectFilter2.js HTTP/1.1" 200 15292
"GET /static/admin/js/SelectBox.js HTTP/1.1" 200 4530
"GET /static/admin/js/change_form.js HTTP/1.1" 304 0
"GET /static/admin/css/widgets.css HTTP/1.1" 200 11921
"GET /static/admin/img/selector-icons.svg HTTP/1.1" 304 0
"GET /static/admin/img/icon-unknown-alt.svg HTTP/1.1" 304 0
"GET /static/admin/img/icon-unknown.svg HTTP/1.1" 304 0
"POST /admin/myapp/user/4/change/ HTTP/1.1" 302 0
"GET /admin/myapp/user/ HTTP/1.1" 200 13290
"GET /admin/jsi18n/ HTTP/1.1" 200 3343
Unauthorized: /api/users/login/
"POST /api/users/login/ HTTP/1.1" 401 31
"GET /admin/myapp/user/4/change/ HTTP/1.1" 200 22491
"GET /admin/jsi18n/ HTTP/1.1" 200 3343
"POST /admin/myapp/user/4/change/ HTTP/1.1" 302 0
"GET /admin/myapp/user/ HTTP/1.1" 200 13290
"GET /admin/jsi18n/ HTTP/1.1" 200 3343
Unauthorized: /api/users/login/
"POST /api/users/login/ HTTP/1.1" 401 31
"POST /api/users/login/ HTTP/1.1" 200 639
Watching for file changes with StatReloader
"POST /api/users/forgot_password_request/ HTTP/1.1" 200 76
"POST /api/users/verify_forget_otp/ HTTP/1.1" 200 62
"GET /forget/NA/cmwcp1-67d64a6f4cef877dee76321c836237fe/ HTTP/1.1" 302 0
"GET /forget/NA/set-password/ HTTP/1.1" 200 2827
"POST /forget/NA/set-password/ HTTP/1.1" 302 0
"GET /password-forget/complete/ HTTP/1.1" 200 1541
"POST /api/users/login/ HTTP/1.1" 200 649
"GET /admin/myapp/user/ HTTP/1.1" 200 13068
"GET /admin/jsi18n/ HTTP/1.1" 200 3343
/Users/snehasissatapathy/Desktop/New2/Chalo_kart/chalo_kart_backend/myapp/views.py changed, reloading.
Watching for file changes with StatReloader
/Users/snehasissatapathy/Desktop/New2/Chalo_kart/chalo_kart_backend/myapp/views.py changed, reloading.
Watching for file changes with StatReloader
/Users/snehasissatapathy/Desktop/New2/Chalo_kart/chalo_kart_backend/myapp/views.py changed, reloading.
Watching for file changes with StatReloader
/Users/snehasissatapathy/Desktop/New2/Chalo_kart/chalo_kart_backend/myapp/views.py changed, reloading.
Watching for file changes with StatReloader
Watching for file changes with StatReloader
Watching for file changes with StatReloader
"GET /admin/myapp/user/4/change/ HTTP/1.1" 200 22688
"GET /admin/jsi18n/ HTTP/1.1" 200 3343
"GET /admin/myapp/user/4/delete/ HTTP/1.1" 200 8727
"GET /static/admin/js/cancel.js HTTP/1.1" 304 0
"POST /admin/myapp/user/4/delete/ HTTP/1.1" 302 0
"GET /admin/myapp/user/ HTTP/1.1" 200 12733
"GET /admin/jsi18n/ HTTP/1.1" 200 3343
User initialized successfully: guddu03abc@gmail.com with name: Guddu
"POST /api/users/initialize/ HTTP/1.1" 201 55
Error in UserViewSet: Authentication credentials were not provided.
Unauthorized: /api/users/update-profile/
"POST /api/users/update-profile/ HTTP/1.1" 401 58
"GET /admin/myapp/user/ HTTP/1.1" 200 13063
"GET /admin/jsi18n/ HTTP/1.1" 200 3343
Unauthorized: /api/users/login/
"POST /api/users/login/ HTTP/1.1" 401 31
"POST /api/users/forgot_password_request/ HTTP/1.1" 200 76
Unauthorized: /api/users/login/
"POST /api/users/login/ HTTP/1.1" 401 31
"POST /api/users/forgot_password_request/ HTTP/1.1" 200 76
"POST /api/users/verify_forget_otp/ HTTP/1.1" 200 62
"GET /forget/NQ/cmwd8r-7555d708e571f5515b03733d6c5091e7/ HTTP/1.1" 302 0
"GET /forget/NQ/set-password/ HTTP/1.1" 200 2827
"POST /forget/NQ/set-password/ HTTP/1.1" 302 0
"GET /password-forget/complete/ HTTP/1.1" 200 1541
"POST /api/users/login/ HTTP/1.1" 200 646
"GET /admin/myapp/user/5/change/ HTTP/1.1" 200 22668
"GET /admin/jsi18n/ HTTP/1.1" 200 3343
"GET /admin/myapp/user/5/delete/ HTTP/1.1" 200 8707
"GET /admin/myapp/user/5/change/ HTTP/1.1" 200 22668
"GET /admin/myapp/wallet/ HTTP/1.1" 200 10677
"GET /admin/jsi18n/ HTTP/1.1" 200 3343
"GET /admin/myapp/user/ HTTP/1.1" 200 13063
"GET /admin/jsi18n/ HTTP/1.1" 200 3343
"GET /admin/myapp/user/5/change/ HTTP/1.1" 200 22668
"GET /admin/jsi18n/ HTTP/1.1" 200 3343
"GET /admin/myapp/user/5/delete/ HTTP/1.1" 200 8707
"POST /admin/myapp/user/5/delete/ HTTP/1.1" 302 0
"GET /admin/myapp/user/ HTTP/1.1" 200 12728
"GET /admin/jsi18n/ HTTP/1.1" 200 3343
Watching for file changes with StatReloader
Set password for new user: guddu03abc@gmail.com
User initialized successfully: guddu03abc@gmail.com with name: Guddu
"POST /api/users/initialize/ HTTP/1.1" 201 55
Error in UserViewSet: Authentication credentials were not provided.
Unauthorized: /api/users/update-profile/
"POST /api/users/update-profile/ HTTP/1.1" 401 58
"POST /api/users/login/ HTTP/1.1" 200 646
"GET /admin/myapp/user/ HTTP/1.1" 200 13063
"GET /admin/jsi18n/ HTTP/1.1" 200 3343
Watching for file changes with StatReloader
"GET /admin/myapp/user/6/change/ HTTP/1.1" 200 22668
"GET /admin/jsi18n/ HTTP/1.1" 200 3343
"GET /admin/myapp/user/6/delete/ HTTP/1.1" 200 8707
"POST /admin/myapp/user/6/delete/ HTTP/1.1" 302 0
"GET /admin/myapp/user/ HTTP/1.1" 200 12728
"GET /admin/jsi18n/ HTTP/1.1" 200 3343
Set password for new user: guddu03abc@gmail.com
User initialized successfully: guddu03abc@gmail.com with name: Guddu
"POST /api/users/initialize/ HTTP/1.1" 201 55
"GET /admin/myapp/user/ HTTP/1.1" 200 13050
"GET /admin/jsi18n/ HTTP/1.1" 200 3343
"GET /admin/myapp/user/7/change/ HTTP/1.1" 200 22646
"GET /admin/jsi18n/ HTTP/1.1" 200 3343
"GET /admin/myapp/user/7/delete/ HTTP/1.1" 200 8707
"POST /admin/myapp/user/7/delete/ HTTP/1.1" 302 0
"GET /admin/myapp/user/ HTTP/1.1" 200 12728
"GET /admin/jsi18n/ HTTP/1.1" 200 3343
Watching for file changes with StatReloader
"GET /admin/myapp/user/ HTTP/1.1" 200 12553
"GET /admin/jsi18n/ HTTP/1.1" 200 3343
"GET /admin/myapp/user/ HTTP/1.1" 200 12553
"GET /admin/jsi18n/ HTTP/1.1" 200 3343
"GET /admin/myapp/user/ HTTP/1.1" 200 12553
"GET /admin/jsi18n/ HTTP/1.1" 200 3343
"GET /admin/myapp/user/ HTTP/1.1" 200 12553
"GET /admin/jsi18n/ HTTP/1.1" 200 3343
"GET /admin/myapp/user/ HTTP/1.1" 200 12553
"GET /admin/jsi18n/ HTTP/1.1" 200 3343
Watching for file changes with StatReloader
Watching for file changes with StatReloader
"GET /admin/myapp/user/ HTTP/1.1" 200 12553
"GET /admin/jsi18n/ HTTP/1.1" 200 3343
"GET /admin/myapp/user/ HTTP/1.1" 200 12553
"GET /admin/jsi18n/ HTTP/1.1" 200 3343
"GET /admin/myapp/user/ HTTP/1.1" 200 12553
"GET /admin/jsi18n/ HTTP/1.1" 200 3343
- Broken pipe from ('127.0.0.1', 62710)
"GET /admin/myapp/user/ HTTP/1.1" 200 12553
"GET /admin/jsi18n/ HTTP/1.1" 200 3343
Watching for file changes with StatReloader
"GET /admin/myapp/user/ HTTP/1.1" 200 12553
"GET /admin/jsi18n/ HTTP/1.1" 200 3343
Watching for file changes with StatReloader
Initializing user with UID: 3WtkS3Qag0hCo4a3LWfEc6jgsgu1, email: guddu03abc@gmail.com, name: Guddu
Set password for new user: guddu03abc@gmail.com
User initialized successfully: guddu03abc@gmail.com with name: Guddu
"POST /api/users/initialize/ HTTP/1.1" 201 55
"GET /admin/myapp/user/ HTTP/1.1" 200 13050
"GET /admin/jsi18n/ HTTP/1.1" 200 3343
"POST /api/users/login/ HTTP/1.1" 200 633
